nohup: ignoring input
Loaded DATABASE_URL: postgresql+asyncpg://user:password@localhost:5432/mydb
Traceback (most recent call last):
  File "/home/ubuntu/KashiKartCiCd/backend/venv/lib/python3.11/site-packages/cryptography/fernet.py", line 35, in __init__
    key = base64.urlsafe_b64decode(key)
          ^^^^^^^^^^^^^^^^^^^^^^^^^^^^^
  File "/usr/lib/python3.11/base64.py", line 134, in urlsafe_b64decode
    return b64decode(s)
           ^^^^^^^^^^^^
  File "/usr/lib/python3.11/base64.py", line 88, in b64decode
    return binascii.a2b_base64(s, strict_mode=validate)
           ^^^^^^^^^^^^^^^^^^^^^^^^^^^^^^^^^^^^^^^^^^^^
binascii.Error: Incorrect padding

The above exception was the direct cause of the following exception:

Traceback (most recent call last):
  File "/home/ubuntu/KashiKartCiCd/backend/venv/bin/uvicorn", line 6, in <module>
    sys.exit(main())
             ^^^^^^
  File "/home/ubuntu/KashiKartCiCd/backend/venv/lib/python3.11/site-packages/click/core.py", line 1485, in __call__
    return self.main(*args, **kwargs)
           ^^^^^^^^^^^^^^^^^^^^^^^^^^
  File "/home/ubuntu/KashiKartCiCd/backend/venv/lib/python3.11/site-packages/click/core.py", line 1406, in main
    rv = self.invoke(ctx)
         ^^^^^^^^^^^^^^^^
  File "/home/ubuntu/KashiKartCiCd/backend/venv/lib/python3.11/site-packages/click/core.py", line 1269, in invoke
    return ctx.invoke(self.callback, **ctx.params)
           ^^^^^^^^^^^^^^^^^^^^^^^^^^^^^^^^^^^^^^^
  File "/home/ubuntu/KashiKartCiCd/backend/venv/lib/python3.11/site-packages/click/core.py", line 824, in invoke
    return callback(*args, **kwargs)
           ^^^^^^^^^^^^^^^^^^^^^^^^^
  File "/home/ubuntu/KashiKartCiCd/backend/venv/lib/python3.11/site-packages/uvicorn/main.py", line 433, in main
    run(
  File "/home/ubuntu/KashiKartCiCd/backend/venv/lib/python3.11/site-packages/uvicorn/main.py", line 606, in run
    server.run()
  File "/home/ubuntu/KashiKartCiCd/backend/venv/lib/python3.11/site-packages/uvicorn/server.py", line 75, in run
    return asyncio_run(self.serve(sockets=sockets), loop_factory=self.config.get_loop_factory())
           ^^^^^^^^^^^^^^^^^^^^^^^^^^^^^^^^^^^^^^^^^^^^^^^^^^^^^^^^^^^^^^^^^^^^^^^^^^^^^^^^^^^^^
  File "/home/ubuntu/KashiKartCiCd/backend/venv/lib/python3.11/site-packages/uvicorn/_compat.py", line 30, in asyncio_run
    return runner.run(main)
           ^^^^^^^^^^^^^^^^
  File "/usr/lib/python3.11/asyncio/runners.py", line 118, in run
    return self._loop.run_until_complete(task)
           ^^^^^^^^^^^^^^^^^^^^^^^^^^^^^^^^^^^
  File "/usr/lib/python3.11/asyncio/base_events.py", line 654, in run_until_complete
    return future.result()
           ^^^^^^^^^^^^^^^
  File "/home/ubuntu/KashiKartCiCd/backend/venv/lib/python3.11/site-packages/uvicorn/server.py", line 79, in serve
    await self._serve(sockets)
  File "/home/ubuntu/KashiKartCiCd/backend/venv/lib/python3.11/site-packages/uvicorn/server.py", line 86, in _serve
    config.load()
  File "/home/ubuntu/KashiKartCiCd/backend/venv/lib/python3.11/site-packages/uvicorn/config.py", line 441, in load
    self.loaded_app = import_from_string(self.app)
                      ^^^^^^^^^^^^^^^^^^^^^^^^^^^^
  File "/home/ubuntu/KashiKartCiCd/backend/venv/lib/python3.11/site-packages/uvicorn/importer.py", line 19, in import_from_string
    module = importlib.import_module(module_str)
             ^^^^^^^^^^^^^^^^^^^^^^^^^^^^^^^^^^^
  File "/usr/lib/python3.11/importlib/__init__.py", line 126, in import_module
    return _bootstrap._gcd_import(name[level:], package, level)
           ^^^^^^^^^^^^^^^^^^^^^^^^^^^^^^^^^^^^^^^^^^^^^^^^^^^^
  File "<frozen importlib._bootstrap>", line 1204, in _gcd_import
  File "<frozen importlib._bootstrap>", line 1176, in _find_and_load
  File "<frozen importlib._bootstrap>", line 1147, in _find_and_load_unlocked
  File "<frozen importlib._bootstrap>", line 690, in _load_unlocked
  File "<frozen importlib._bootstrap_external>", line 940, in exec_module
  File "<frozen importlib._bootstrap>", line 241, in _call_with_frames_removed
  File "/home/ubuntu/KashiKartCiCd/backend/app/main.py", line 14, in <module>
    from app.core.scheduler import scheduler, start_scheduler
  File "/home/ubuntu/KashiKartCiCd/backend/app/core/scheduler.py", line 185, in <module>
    from app.businessLogic.excel_processor_sync import ExcelProcessorSync
  File "/home/ubuntu/KashiKartCiCd/backend/app/businessLogic/__init__.py", line 3, in <module>
    from app.businessLogic.source_service import SourceService
  File "/home/ubuntu/KashiKartCiCd/backend/app/businessLogic/source_service.py", line 11, in <module>
    from app.scraping.implementations.html_scraper import HTMLScraper
  File "/home/ubuntu/KashiKartCiCd/backend/app/scraping/__init__.py", line 2, in <module>
    from app.scraping.implementations.html_scraper import HTMLScraper
  File "/home/ubuntu/KashiKartCiCd/backend/app/scraping/implementations/__init__.py", line 3, in <module>
    from .portal_scraper import PortalScraper
  File "/home/ubuntu/KashiKartCiCd/backend/app/scraping/implementations/portal_scraper.py", line 13, in <module>
    from app.utils.encryption import encryption_service
  File "/home/ubuntu/KashiKartCiCd/backend/app/utils/encryption.py", line 28, in <module>
    encryption_service = EncryptionService()
                         ^^^^^^^^^^^^^^^^^^^
  File "/home/ubuntu/KashiKartCiCd/backend/app/utils/encryption.py", line 14, in __init__
    self.cipher = Fernet(key) 
                  ^^^^^^^^^^^
  File "/home/ubuntu/KashiKartCiCd/backend/venv/lib/python3.11/site-packages/cryptography/fernet.py", line 37, in __init__
    raise ValueError(
ValueError: Fernet key must be 32 url-safe base64-encoded bytes.
