nohup: ignoring input
INFO:     Started server process [5618]
INFO:     Waiting for application startup.
2026-03-23 09:01:13,249 - app.main - INFO - Starting Tender Intel System...
Loaded DATABASE_URL: postgresql+asyncpg://Kashikart:Kashikart1234@kashikartcicd-db.cxa6qyk0oyb9.ap-south-1.rds.amazonaws.com:5432/Kashikart
2026-03-23 09:01:13,294 INFO sqlalchemy.engine.Engine select pg_catalog.version()
2026-03-23 09:01:13,294 - sqlalchemy.engine.Engine - INFO - select pg_catalog.version()
2026-03-23 09:01:13,294 INFO sqlalchemy.engine.Engine [raw sql] ()
2026-03-23 09:01:13,294 - sqlalchemy.engine.Engine - INFO - [raw sql] ()
2026-03-23 09:01:13,297 INFO sqlalchemy.engine.Engine select current_schema()
2026-03-23 09:01:13,297 - sqlalchemy.engine.Engine - INFO - select current_schema()
2026-03-23 09:01:13,297 INFO sqlalchemy.engine.Engine [raw sql] ()
2026-03-23 09:01:13,297 - sqlalchemy.engine.Engine - INFO - [raw sql] ()
2026-03-23 09:01:13,299 INFO sqlalchemy.engine.Engine show standard_conforming_strings
2026-03-23 09:01:13,299 - sqlalchemy.engine.Engine - INFO - show standard_conforming_strings
2026-03-23 09:01:13,299 INFO sqlalchemy.engine.Engine [raw sql] ()
2026-03-23 09:01:13,299 - sqlalchemy.engine.Engine - INFO - [raw sql] ()
2026-03-23 09:01:13,301 INFO sqlalchemy.engine.Engine BEGIN (implicit)
2026-03-23 09:01:13,301 - sqlalchemy.engine.Engine - INFO - BEGIN (implicit)
2026-03-23 09:01:13,305 INFO sqlalchemy.engine.Engine SELECT pg_catalog.pg_class.relname 
FROM pg_catalog.pg_class JOIN pg_catalog.pg_namespace ON pg_catalog.pg_namespace.oid = pg_catalog.pg_class.relnamespace 
WHERE pg_catalog.pg_class.relname = $1::VARCHAR AND pg_catalog.pg_class.relkind = ANY (ARRAY[$2::VARCHAR, $3::VARCHAR, $4::VARCHAR, $5::VARCHAR, $6::VARCHAR]) AND pg_catalog.pg_table_is_visible(pg_catalog.pg_class.oid) AND pg_catalog.pg_namespace.nspname != $7::VARCHAR
2026-03-23 09:01:13,305 - sqlalchemy.engine.Engine - INFO - SELECT pg_catalog.pg_class.relname 
FROM pg_catalog.pg_class JOIN pg_catalog.pg_namespace ON pg_catalog.pg_namespace.oid = pg_catalog.pg_class.relnamespace 
WHERE pg_catalog.pg_class.relname = $1::VARCHAR AND pg_catalog.pg_class.relkind = ANY (ARRAY[$2::VARCHAR, $3::VARCHAR, $4::VARCHAR, $5::VARCHAR, $6::VARCHAR]) AND pg_catalog.pg_table_is_visible(pg_catalog.pg_class.oid) AND pg_catalog.pg_namespace.nspname != $7::VARCHAR
2026-03-23 09:01:13,305 INFO sqlalchemy.engine.Engine [generated in 0.00026s] ('users', 'r', 'p', 'f', 'v', 'm', 'pg_catalog')
2026-03-23 09:01:13,305 - sqlalchemy.engine.Engine - INFO - [generated in 0.00026s] ('users', 'r', 'p', 'f', 'v', 'm', 'pg_catalog')
2026-03-23 09:01:13,308 INFO sqlalchemy.engine.Engine SELECT pg_catalog.pg_class.relname 
FROM pg_catalog.pg_class JOIN pg_catalog.pg_namespace ON pg_catalog.pg_namespace.oid = pg_catalog.pg_class.relnamespace 
WHERE pg_catalog.pg_class.relname = $1::VARCHAR AND pg_catalog.pg_class.relkind = ANY (ARRAY[$2::VARCHAR, $3::VARCHAR, $4::VARCHAR, $5::VARCHAR, $6::VARCHAR]) AND pg_catalog.pg_table_is_visible(pg_catalog.pg_class.oid) AND pg_catalog.pg_namespace.nspname != $7::VARCHAR
2026-03-23 09:01:13,308 - sqlalchemy.engine.Engine - INFO - SELECT pg_catalog.pg_class.relname 
FROM pg_catalog.pg_class JOIN pg_catalog.pg_namespace ON pg_catalog.pg_namespace.oid = pg_catalog.pg_class.relnamespace 
WHERE pg_catalog.pg_class.relname = $1::VARCHAR AND pg_catalog.pg_class.relkind = ANY (ARRAY[$2::VARCHAR, $3::VARCHAR, $4::VARCHAR, $5::VARCHAR, $6::VARCHAR]) AND pg_catalog.pg_table_is_visible(pg_catalog.pg_class.oid) AND pg_catalog.pg_namespace.nspname != $7::VARCHAR
2026-03-23 09:01:13,308 INFO sqlalchemy.engine.Engine [cached since 0.003462s ago] ('tenders', 'r', 'p', 'f', 'v', 'm', 'pg_catalog')
2026-03-23 09:01:13,308 - sqlalchemy.engine.Engine - INFO - [cached since 0.003462s ago] ('tenders', 'r', 'p', 'f', 'v', 'm', 'pg_catalog')
2026-03-23 09:01:13,309 INFO sqlalchemy.engine.Engine SELECT pg_catalog.pg_class.relname 
FROM pg_catalog.pg_class JOIN pg_catalog.pg_namespace ON pg_catalog.pg_namespace.oid = pg_catalog.pg_class.relnamespace 
WHERE pg_catalog.pg_class.relname = $1::VARCHAR AND pg_catalog.pg_class.relkind = ANY (ARRAY[$2::VARCHAR, $3::VARCHAR, $4::VARCHAR, $5::VARCHAR, $6::VARCHAR]) AND pg_catalog.pg_table_is_visible(pg_catalog.pg_class.oid) AND pg_catalog.pg_namespace.nspname != $7::VARCHAR
2026-03-23 09:01:13,309 - sqlalchemy.engine.Engine - INFO - SELECT pg_catalog.pg_class.relname 
FROM pg_catalog.pg_class JOIN pg_catalog.pg_namespace ON pg_catalog.pg_namespace.oid = pg_catalog.pg_class.relnamespace 
WHERE pg_catalog.pg_class.relname = $1::VARCHAR AND pg_catalog.pg_class.relkind = ANY (ARRAY[$2::VARCHAR, $3::VARCHAR, $4::VARCHAR, $5::VARCHAR, $6::VARCHAR]) AND pg_catalog.pg_table_is_visible(pg_catalog.pg_class.oid) AND pg_catalog.pg_namespace.nspname != $7::VARCHAR
2026-03-23 09:01:13,309 INFO sqlalchemy.engine.Engine [cached since 0.004336s ago] ('keywords', 'r', 'p', 'f', 'v', 'm', 'pg_catalog')
2026-03-23 09:01:13,309 - sqlalchemy.engine.Engine - INFO - [cached since 0.004336s ago] ('keywords', 'r', 'p', 'f', 'v', 'm', 'pg_catalog')
2026-03-23 09:01:13,309 INFO sqlalchemy.engine.Engine SELECT pg_catalog.pg_class.relname 
FROM pg_catalog.pg_class JOIN pg_catalog.pg_namespace ON pg_catalog.pg_namespace.oid = pg_catalog.pg_class.relnamespace 
WHERE pg_catalog.pg_class.relname = $1::VARCHAR AND pg_catalog.pg_class.relkind = ANY (ARRAY[$2::VARCHAR, $3::VARCHAR, $4::VARCHAR, $5::VARCHAR, $6::VARCHAR]) AND pg_catalog.pg_table_is_visible(pg_catalog.pg_class.oid) AND pg_catalog.pg_namespace.nspname != $7::VARCHAR
2026-03-23 09:01:13,309 - sqlalchemy.engine.Engine - INFO - SELECT pg_catalog.pg_class.relname 
FROM pg_catalog.pg_class JOIN pg_catalog.pg_namespace ON pg_catalog.pg_namespace.oid = pg_catalog.pg_class.relnamespace 
WHERE pg_catalog.pg_class.relname = $1::VARCHAR AND pg_catalog.pg_class.relkind = ANY (ARRAY[$2::VARCHAR, $3::VARCHAR, $4::VARCHAR, $5::VARCHAR, $6::VARCHAR]) AND pg_catalog.pg_table_is_visible(pg_catalog.pg_class.oid) AND pg_catalog.pg_namespace.nspname != $7::VARCHAR
2026-03-23 09:01:13,309 INFO sqlalchemy.engine.Engine [cached since 0.005086s ago] ('tender_keyword_matches', 'r', 'p', 'f', 'v', 'm', 'pg_catalog')
2026-03-23 09:01:13,309 - sqlalchemy.engine.Engine - INFO - [cached since 0.005086s ago] ('tender_keyword_matches', 'r', 'p', 'f', 'v', 'm', 'pg_catalog')
2026-03-23 09:01:13,310 INFO sqlalchemy.engine.Engine SELECT pg_catalog.pg_class.relname 
FROM pg_catalog.pg_class JOIN pg_catalog.pg_namespace ON pg_catalog.pg_namespace.oid = pg_catalog.pg_class.relnamespace 
WHERE pg_catalog.pg_class.relname = $1::VARCHAR AND pg_catalog.pg_class.relkind = ANY (ARRAY[$2::VARCHAR, $3::VARCHAR, $4::VARCHAR, $5::VARCHAR, $6::VARCHAR]) AND pg_catalog.pg_table_is_visible(pg_catalog.pg_class.oid) AND pg_catalog.pg_namespace.nspname != $7::VARCHAR
2026-03-23 09:01:13,310 - sqlalchemy.engine.Engine - INFO - SELECT pg_catalog.pg_class.relname 
FROM pg_catalog.pg_class JOIN pg_catalog.pg_namespace ON pg_catalog.pg_namespace.oid = pg_catalog.pg_class.relnamespace 
WHERE pg_catalog.pg_class.relname = $1::VARCHAR AND pg_catalog.pg_class.relkind = ANY (ARRAY[$2::VARCHAR, $3::VARCHAR, $4::VARCHAR, $5::VARCHAR, $6::VARCHAR]) AND pg_catalog.pg_table_is_visible(pg_catalog.pg_class.oid) AND pg_catalog.pg_namespace.nspname != $7::VARCHAR
2026-03-23 09:01:13,310 INFO sqlalchemy.engine.Engine [cached since 0.005831s ago] ('sources', 'r', 'p', 'f', 'v', 'm', 'pg_catalog')
2026-03-23 09:01:13,310 - sqlalchemy.engine.Engine - INFO - [cached since 0.005831s ago] ('sources', 'r', 'p', 'f', 'v', 'm', 'pg_catalog')
2026-03-23 09:01:13,311 INFO sqlalchemy.engine.Engine SELECT pg_catalog.pg_class.relname 
FROM pg_catalog.pg_class JOIN pg_catalog.pg_namespace ON pg_catalog.pg_namespace.oid = pg_catalog.pg_class.relnamespace 
WHERE pg_catalog.pg_class.relname = $1::VARCHAR AND pg_catalog.pg_class.relkind = ANY (ARRAY[$2::VARCHAR, $3::VARCHAR, $4::VARCHAR, $5::VARCHAR, $6::VARCHAR]) AND pg_catalog.pg_table_is_visible(pg_catalog.pg_class.oid) AND pg_catalog.pg_namespace.nspname != $7::VARCHAR
2026-03-23 09:01:13,311 - sqlalchemy.engine.Engine - INFO - SELECT pg_catalog.pg_class.relname 
FROM pg_catalog.pg_class JOIN pg_catalog.pg_namespace ON pg_catalog.pg_namespace.oid = pg_catalog.pg_class.relnamespace 
WHERE pg_catalog.pg_class.relname = $1::VARCHAR AND pg_catalog.pg_class.relkind = ANY (ARRAY[$2::VARCHAR, $3::VARCHAR, $4::VARCHAR, $5::VARCHAR, $6::VARCHAR]) AND pg_catalog.pg_table_is_visible(pg_catalog.pg_class.oid) AND pg_catalog.pg_namespace.nspname != $7::VARCHAR
2026-03-23 09:01:13,311 INFO sqlalchemy.engine.Engine [cached since 0.006617s ago] ('fetch_logs', 'r', 'p', 'f', 'v', 'm', 'pg_catalog')
2026-03-23 09:01:13,311 - sqlalchemy.engine.Engine - INFO - [cached since 0.006617s ago] ('fetch_logs', 'r', 'p', 'f', 'v', 'm', 'pg_catalog')
2026-03-23 09:01:13,312 INFO sqlalchemy.engine.Engine SELECT pg_catalog.pg_class.relname 
FROM pg_catalog.pg_class JOIN pg_catalog.pg_namespace ON pg_catalog.pg_namespace.oid = pg_catalog.pg_class.relnamespace 
WHERE pg_catalog.pg_class.relname = $1::VARCHAR AND pg_catalog.pg_class.relkind = ANY (ARRAY[$2::VARCHAR, $3::VARCHAR, $4::VARCHAR, $5::VARCHAR, $6::VARCHAR]) AND pg_catalog.pg_table_is_visible(pg_catalog.pg_class.oid) AND pg_catalog.pg_namespace.nspname != $7::VARCHAR
2026-03-23 09:01:13,312 - sqlalchemy.engine.Engine - INFO - SELECT pg_catalog.pg_class.relname 
FROM pg_catalog.pg_class JOIN pg_catalog.pg_namespace ON pg_catalog.pg_namespace.oid = pg_catalog.pg_class.relnamespace 
WHERE pg_catalog.pg_class.relname = $1::VARCHAR AND pg_catalog.pg_class.relkind = ANY (ARRAY[$2::VARCHAR, $3::VARCHAR, $4::VARCHAR, $5::VARCHAR, $6::VARCHAR]) AND pg_catalog.pg_table_is_visible(pg_catalog.pg_class.oid) AND pg_catalog.pg_namespace.nspname != $7::VARCHAR
2026-03-23 09:01:13,312 INFO sqlalchemy.engine.Engine [cached since 0.007366s ago] ('notifications', 'r', 'p', 'f', 'v', 'm', 'pg_catalog')
2026-03-23 09:01:13,312 - sqlalchemy.engine.Engine - INFO - [cached since 0.007366s ago] ('notifications', 'r', 'p', 'f', 'v', 'm', 'pg_catalog')
2026-03-23 09:01:13,312 INFO sqlalchemy.engine.Engine SELECT pg_catalog.pg_class.relname 
FROM pg_catalog.pg_class JOIN pg_catalog.pg_namespace ON pg_catalog.pg_namespace.oid = pg_catalog.pg_class.relnamespace 
WHERE pg_catalog.pg_class.relname = $1::VARCHAR AND pg_catalog.pg_class.relkind = ANY (ARRAY[$2::VARCHAR, $3::VARCHAR, $4::VARCHAR, $5::VARCHAR, $6::VARCHAR]) AND pg_catalog.pg_table_is_visible(pg_catalog.pg_class.oid) AND pg_catalog.pg_namespace.nspname != $7::VARCHAR
2026-03-23 09:01:13,312 - sqlalchemy.engine.Engine - INFO - SELECT pg_catalog.pg_class.relname 
FROM pg_catalog.pg_class JOIN pg_catalog.pg_namespace ON pg_catalog.pg_namespace.oid = pg_catalog.pg_class.relnamespace 
WHERE pg_catalog.pg_class.relname = $1::VARCHAR AND pg_catalog.pg_class.relkind = ANY (ARRAY[$2::VARCHAR, $3::VARCHAR, $4::VARCHAR, $5::VARCHAR, $6::VARCHAR]) AND pg_catalog.pg_table_is_visible(pg_catalog.pg_class.oid) AND pg_catalog.pg_namespace.nspname != $7::VARCHAR
2026-03-23 09:01:13,312 INFO sqlalchemy.engine.Engine [cached since 0.007946s ago] ('refresh_tokens', 'r', 'p', 'f', 'v', 'm', 'pg_catalog')
2026-03-23 09:01:13,312 - sqlalchemy.engine.Engine - INFO - [cached since 0.007946s ago] ('refresh_tokens', 'r', 'p', 'f', 'v', 'm', 'pg_catalog')
2026-03-23 09:01:13,313 INFO sqlalchemy.engine.Engine SELECT pg_catalog.pg_class.relname 
FROM pg_catalog.pg_class JOIN pg_catalog.pg_namespace ON pg_catalog.pg_namespace.oid = pg_catalog.pg_class.relnamespace 
WHERE pg_catalog.pg_class.relname = $1::VARCHAR AND pg_catalog.pg_class.relkind = ANY (ARRAY[$2::VARCHAR, $3::VARCHAR, $4::VARCHAR, $5::VARCHAR, $6::VARCHAR]) AND pg_catalog.pg_table_is_visible(pg_catalog.pg_class.oid) AND pg_catalog.pg_namespace.nspname != $7::VARCHAR
2026-03-23 09:01:13,313 - sqlalchemy.engine.Engine - INFO - SELECT pg_catalog.pg_class.relname 
FROM pg_catalog.pg_class JOIN pg_catalog.pg_namespace ON pg_catalog.pg_namespace.oid = pg_catalog.pg_class.relnamespace 
WHERE pg_catalog.pg_class.relname = $1::VARCHAR AND pg_catalog.pg_class.relkind = ANY (ARRAY[$2::VARCHAR, $3::VARCHAR, $4::VARCHAR, $5::VARCHAR, $6::VARCHAR]) AND pg_catalog.pg_table_is_visible(pg_catalog.pg_class.oid) AND pg_catalog.pg_namespace.nspname != $7::VARCHAR
2026-03-23 09:01:13,313 INFO sqlalchemy.engine.Engine [cached since 0.008507s ago] ('notification_settings', 'r', 'p', 'f', 'v', 'm', 'pg_catalog')
2026-03-23 09:01:13,313 - sqlalchemy.engine.Engine - INFO - [cached since 0.008507s ago] ('notification_settings', 'r', 'p', 'f', 'v', 'm', 'pg_catalog')
2026-03-23 09:01:13,313 INFO sqlalchemy.engine.Engine SELECT pg_catalog.pg_class.relname 
FROM pg_catalog.pg_class JOIN pg_catalog.pg_namespace ON pg_catalog.pg_namespace.oid = pg_catalog.pg_class.relnamespace 
WHERE pg_catalog.pg_class.relname = $1::VARCHAR AND pg_catalog.pg_class.relkind = ANY (ARRAY[$2::VARCHAR, $3::VARCHAR, $4::VARCHAR, $5::VARCHAR, $6::VARCHAR]) AND pg_catalog.pg_table_is_visible(pg_catalog.pg_class.oid) AND pg_catalog.pg_namespace.nspname != $7::VARCHAR
2026-03-23 09:01:13,313 - sqlalchemy.engine.Engine - INFO - SELECT pg_catalog.pg_class.relname 
FROM pg_catalog.pg_class JOIN pg_catalog.pg_namespace ON pg_catalog.pg_namespace.oid = pg_catalog.pg_class.relnamespace 
WHERE pg_catalog.pg_class.relname = $1::VARCHAR AND pg_catalog.pg_class.relkind = ANY (ARRAY[$2::VARCHAR, $3::VARCHAR, $4::VARCHAR, $5::VARCHAR, $6::VARCHAR]) AND pg_catalog.pg_table_is_visible(pg_catalog.pg_class.oid) AND pg_catalog.pg_namespace.nspname != $7::VARCHAR
2026-03-23 09:01:13,313 INFO sqlalchemy.engine.Engine [cached since 0.009062s ago] ('excel_file_tracker', 'r', 'p', 'f', 'v', 'm', 'pg_catalog')
2026-03-23 09:01:13,313 - sqlalchemy.engine.Engine - INFO - [cached since 0.009062s ago] ('excel_file_tracker', 'r', 'p', 'f', 'v', 'm', 'pg_catalog')
2026-03-23 09:01:13,314 INFO sqlalchemy.engine.Engine SELECT pg_catalog.pg_class.relname 
FROM pg_catalog.pg_class JOIN pg_catalog.pg_namespace ON pg_catalog.pg_namespace.oid = pg_catalog.pg_class.relnamespace 
WHERE pg_catalog.pg_class.relname = $1::VARCHAR AND pg_catalog.pg_class.relkind = ANY (ARRAY[$2::VARCHAR, $3::VARCHAR, $4::VARCHAR, $5::VARCHAR, $6::VARCHAR]) AND pg_catalog.pg_table_is_visible(pg_catalog.pg_class.oid) AND pg_catalog.pg_namespace.nspname != $7::VARCHAR
2026-03-23 09:01:13,314 - sqlalchemy.engine.Engine - INFO - SELECT pg_catalog.pg_class.relname 
FROM pg_catalog.pg_class JOIN pg_catalog.pg_namespace ON pg_catalog.pg_namespace.oid = pg_catalog.pg_class.relnamespace 
WHERE pg_catalog.pg_class.relname = $1::VARCHAR AND pg_catalog.pg_class.relkind = ANY (ARRAY[$2::VARCHAR, $3::VARCHAR, $4::VARCHAR, $5::VARCHAR, $6::VARCHAR]) AND pg_catalog.pg_table_is_visible(pg_catalog.pg_class.oid) AND pg_catalog.pg_namespace.nspname != $7::VARCHAR
2026-03-23 09:01:13,314 INFO sqlalchemy.engine.Engine [cached since 0.009637s ago] ('raw_excel_sheets', 'r', 'p', 'f', 'v', 'm', 'pg_catalog')
2026-03-23 09:01:13,314 - sqlalchemy.engine.Engine - INFO - [cached since 0.009637s ago] ('raw_excel_sheets', 'r', 'p', 'f', 'v', 'm', 'pg_catalog')
2026-03-23 09:01:13,315 INFO sqlalchemy.engine.Engine SELECT pg_catalog.pg_class.relname 
FROM pg_catalog.pg_class JOIN pg_catalog.pg_namespace ON pg_catalog.pg_namespace.oid = pg_catalog.pg_class.relnamespace 
WHERE pg_catalog.pg_class.relname = $1::VARCHAR AND pg_catalog.pg_class.relkind = ANY (ARRAY[$2::VARCHAR, $3::VARCHAR, $4::VARCHAR, $5::VARCHAR, $6::VARCHAR]) AND pg_catalog.pg_table_is_visible(pg_catalog.pg_class.oid) AND pg_catalog.pg_namespace.nspname != $7::VARCHAR
2026-03-23 09:01:13,315 - sqlalchemy.engine.Engine - INFO - SELECT pg_catalog.pg_class.relname 
FROM pg_catalog.pg_class JOIN pg_catalog.pg_namespace ON pg_catalog.pg_namespace.oid = pg_catalog.pg_class.relnamespace 
WHERE pg_catalog.pg_class.relname = $1::VARCHAR AND pg_catalog.pg_class.relkind = ANY (ARRAY[$2::VARCHAR, $3::VARCHAR, $4::VARCHAR, $5::VARCHAR, $6::VARCHAR]) AND pg_catalog.pg_table_is_visible(pg_catalog.pg_class.oid) AND pg_catalog.pg_namespace.nspname != $7::VARCHAR
2026-03-23 09:01:13,315 INFO sqlalchemy.engine.Engine [cached since 0.01021s ago] ('onedrive_tokens', 'r', 'p', 'f', 'v', 'm', 'pg_catalog')
2026-03-23 09:01:13,315 - sqlalchemy.engine.Engine - INFO - [cached since 0.01021s ago] ('onedrive_tokens', 'r', 'p', 'f', 'v', 'm', 'pg_catalog')
2026-03-23 09:01:13,315 INFO sqlalchemy.engine.Engine SELECT pg_catalog.pg_class.relname 
FROM pg_catalog.pg_class JOIN pg_catalog.pg_namespace ON pg_catalog.pg_namespace.oid = pg_catalog.pg_class.relnamespace 
WHERE pg_catalog.pg_class.relname = $1::VARCHAR AND pg_catalog.pg_class.relkind = ANY (ARRAY[$2::VARCHAR, $3::VARCHAR, $4::VARCHAR, $5::VARCHAR, $6::VARCHAR]) AND pg_catalog.pg_table_is_visible(pg_catalog.pg_class.oid) AND pg_catalog.pg_namespace.nspname != $7::VARCHAR
2026-03-23 09:01:13,315 - sqlalchemy.engine.Engine - INFO - SELECT pg_catalog.pg_class.relname 
FROM pg_catalog.pg_class JOIN pg_catalog.pg_namespace ON pg_catalog.pg_namespace.oid = pg_catalog.pg_class.relnamespace 
WHERE pg_catalog.pg_class.relname = $1::VARCHAR AND pg_catalog.pg_class.relkind = ANY (ARRAY[$2::VARCHAR, $3::VARCHAR, $4::VARCHAR, $5::VARCHAR, $6::VARCHAR]) AND pg_catalog.pg_table_is_visible(pg_catalog.pg_class.oid) AND pg_catalog.pg_namespace.nspname != $7::VARCHAR
2026-03-23 09:01:13,315 INFO sqlalchemy.engine.Engine [cached since 0.01077s ago] ('sheet_header_mappings', 'r', 'p', 'f', 'v', 'm', 'pg_catalog')
2026-03-23 09:01:13,315 - sqlalchemy.engine.Engine - INFO - [cached since 0.01077s ago] ('sheet_header_mappings', 'r', 'p', 'f', 'v', 'm', 'pg_catalog')
2026-03-23 09:01:13,316 INFO sqlalchemy.engine.Engine SELECT pg_catalog.pg_class.relname 
FROM pg_catalog.pg_class JOIN pg_catalog.pg_namespace ON pg_catalog.pg_namespace.oid = pg_catalog.pg_class.relnamespace 
WHERE pg_catalog.pg_class.relname = $1::VARCHAR AND pg_catalog.pg_class.relkind = ANY (ARRAY[$2::VARCHAR, $3::VARCHAR, $4::VARCHAR, $5::VARCHAR, $6::VARCHAR]) AND pg_catalog.pg_table_is_visible(pg_catalog.pg_class.oid) AND pg_catalog.pg_namespace.nspname != $7::VARCHAR
2026-03-23 09:01:13,316 - sqlalchemy.engine.Engine - INFO - SELECT pg_catalog.pg_class.relname 
FROM pg_catalog.pg_class JOIN pg_catalog.pg_namespace ON pg_catalog.pg_namespace.oid = pg_catalog.pg_class.relnamespace 
WHERE pg_catalog.pg_class.relname = $1::VARCHAR AND pg_catalog.pg_class.relkind = ANY (ARRAY[$2::VARCHAR, $3::VARCHAR, $4::VARCHAR, $5::VARCHAR, $6::VARCHAR]) AND pg_catalog.pg_table_is_visible(pg_catalog.pg_class.oid) AND pg_catalog.pg_namespace.nspname != $7::VARCHAR
2026-03-23 09:01:13,316 INFO sqlalchemy.engine.Engine [cached since 0.01133s ago] ('app_settings', 'r', 'p', 'f', 'v', 'm', 'pg_catalog')
2026-03-23 09:01:13,316 - sqlalchemy.engine.Engine - INFO - [cached since 0.01133s ago] ('app_settings', 'r', 'p', 'f', 'v', 'm', 'pg_catalog')
2026-03-23 09:01:13,316 INFO sqlalchemy.engine.Engine SELECT pg_catalog.pg_class.relname 
FROM pg_catalog.pg_class JOIN pg_catalog.pg_namespace ON pg_catalog.pg_namespace.oid = pg_catalog.pg_class.relnamespace 
WHERE pg_catalog.pg_class.relname = $1::VARCHAR AND pg_catalog.pg_class.relkind = ANY (ARRAY[$2::VARCHAR, $3::VARCHAR, $4::VARCHAR, $5::VARCHAR, $6::VARCHAR]) AND pg_catalog.pg_table_is_visible(pg_catalog.pg_class.oid) AND pg_catalog.pg_namespace.nspname != $7::VARCHAR
2026-03-23 09:01:13,316 - sqlalchemy.engine.Engine - INFO - SELECT pg_catalog.pg_class.relname 
FROM pg_catalog.pg_class JOIN pg_catalog.pg_namespace ON pg_catalog.pg_namespace.oid = pg_catalog.pg_class.relnamespace 
WHERE pg_catalog.pg_class.relname = $1::VARCHAR AND pg_catalog.pg_class.relkind = ANY (ARRAY[$2::VARCHAR, $3::VARCHAR, $4::VARCHAR, $5::VARCHAR, $6::VARCHAR]) AND pg_catalog.pg_table_is_visible(pg_catalog.pg_class.oid) AND pg_catalog.pg_namespace.nspname != $7::VARCHAR
2026-03-23 09:01:13,316 INFO sqlalchemy.engine.Engine [cached since 0.0119s ago] ('excel_file', 'r', 'p', 'f', 'v', 'm', 'pg_catalog')
2026-03-23 09:01:13,316 - sqlalchemy.engine.Engine - INFO - [cached since 0.0119s ago] ('excel_file', 'r', 'p', 'f', 'v', 'm', 'pg_catalog')
2026-03-23 09:01:13,317 INFO sqlalchemy.engine.Engine SELECT pg_catalog.pg_class.relname 
FROM pg_catalog.pg_class JOIN pg_catalog.pg_namespace ON pg_catalog.pg_namespace.oid = pg_catalog.pg_class.relnamespace 
WHERE pg_catalog.pg_class.relname = $1::VARCHAR AND pg_catalog.pg_class.relkind = ANY (ARRAY[$2::VARCHAR, $3::VARCHAR, $4::VARCHAR, $5::VARCHAR, $6::VARCHAR]) AND pg_catalog.pg_table_is_visible(pg_catalog.pg_class.oid) AND pg_catalog.pg_namespace.nspname != $7::VARCHAR
2026-03-23 09:01:13,317 - sqlalchemy.engine.Engine - INFO - SELECT pg_catalog.pg_class.relname 
FROM pg_catalog.pg_class JOIN pg_catalog.pg_namespace ON pg_catalog.pg_namespace.oid = pg_catalog.pg_class.relnamespace 
WHERE pg_catalog.pg_class.relname = $1::VARCHAR AND pg_catalog.pg_class.relkind = ANY (ARRAY[$2::VARCHAR, $3::VARCHAR, $4::VARCHAR, $5::VARCHAR, $6::VARCHAR]) AND pg_catalog.pg_table_is_visible(pg_catalog.pg_class.oid) AND pg_catalog.pg_namespace.nspname != $7::VARCHAR
2026-03-23 09:01:13,317 INFO sqlalchemy.engine.Engine [cached since 0.01244s ago] ('excel_sheet', 'r', 'p', 'f', 'v', 'm', 'pg_catalog')
2026-03-23 09:01:13,317 - sqlalchemy.engine.Engine - INFO - [cached since 0.01244s ago] ('excel_sheet', 'r', 'p', 'f', 'v', 'm', 'pg_catalog')
2026-03-23 09:01:13,317 INFO sqlalchemy.engine.Engine SELECT pg_catalog.pg_class.relname 
FROM pg_catalog.pg_class JOIN pg_catalog.pg_namespace ON pg_catalog.pg_namespace.oid = pg_catalog.pg_class.relnamespace 
WHERE pg_catalog.pg_class.relname = $1::VARCHAR AND pg_catalog.pg_class.relkind = ANY (ARRAY[$2::VARCHAR, $3::VARCHAR, $4::VARCHAR, $5::VARCHAR, $6::VARCHAR]) AND pg_catalog.pg_table_is_visible(pg_catalog.pg_class.oid) AND pg_catalog.pg_namespace.nspname != $7::VARCHAR
2026-03-23 09:01:13,317 - sqlalchemy.engine.Engine - INFO - SELECT pg_catalog.pg_class.relname 
FROM pg_catalog.pg_class JOIN pg_catalog.pg_namespace ON pg_catalog.pg_namespace.oid = pg_catalog.pg_class.relnamespace 
WHERE pg_catalog.pg_class.relname = $1::VARCHAR AND pg_catalog.pg_class.relkind = ANY (ARRAY[$2::VARCHAR, $3::VARCHAR, $4::VARCHAR, $5::VARCHAR, $6::VARCHAR]) AND pg_catalog.pg_table_is_visible(pg_catalog.pg_class.oid) AND pg_catalog.pg_namespace.nspname != $7::VARCHAR
2026-03-23 09:01:13,317 INFO sqlalchemy.engine.Engine [cached since 0.01305s ago] ('excel_row_raw', 'r', 'p', 'f', 'v', 'm', 'pg_catalog')
2026-03-23 09:01:13,317 - sqlalchemy.engine.Engine - INFO - [cached since 0.01305s ago] ('excel_row_raw', 'r', 'p', 'f', 'v', 'm', 'pg_catalog')
2026-03-23 09:01:13,318 INFO sqlalchemy.engine.Engine SELECT pg_catalog.pg_class.relname 
FROM pg_catalog.pg_class JOIN pg_catalog.pg_namespace ON pg_catalog.pg_namespace.oid = pg_catalog.pg_class.relnamespace 
WHERE pg_catalog.pg_class.relname = $1::VARCHAR AND pg_catalog.pg_class.relkind = ANY (ARRAY[$2::VARCHAR, $3::VARCHAR, $4::VARCHAR, $5::VARCHAR, $6::VARCHAR]) AND pg_catalog.pg_table_is_visible(pg_catalog.pg_class.oid) AND pg_catalog.pg_namespace.nspname != $7::VARCHAR
2026-03-23 09:01:13,318 - sqlalchemy.engine.Engine - INFO - SELECT pg_catalog.pg_class.relname 
FROM pg_catalog.pg_class JOIN pg_catalog.pg_namespace ON pg_catalog.pg_namespace.oid = pg_catalog.pg_class.relnamespace 
WHERE pg_catalog.pg_class.relname = $1::VARCHAR AND pg_catalog.pg_class.relkind = ANY (ARRAY[$2::VARCHAR, $3::VARCHAR, $4::VARCHAR, $5::VARCHAR, $6::VARCHAR]) AND pg_catalog.pg_table_is_visible(pg_catalog.pg_class.oid) AND pg_catalog.pg_namespace.nspname != $7::VARCHAR
2026-03-23 09:01:13,318 INFO sqlalchemy.engine.Engine [cached since 0.01365s ago] ('login_history', 'r', 'p', 'f', 'v', 'm', 'pg_catalog')
2026-03-23 09:01:13,318 - sqlalchemy.engine.Engine - INFO - [cached since 0.01365s ago] ('login_history', 'r', 'p', 'f', 'v', 'm', 'pg_catalog')
2026-03-23 09:01:13,319 INFO sqlalchemy.engine.Engine SELECT pg_catalog.pg_class.relname 
FROM pg_catalog.pg_class JOIN pg_catalog.pg_namespace ON pg_catalog.pg_namespace.oid = pg_catalog.pg_class.relnamespace 
WHERE pg_catalog.pg_class.relname = $1::VARCHAR AND pg_catalog.pg_class.relkind = ANY (ARRAY[$2::VARCHAR, $3::VARCHAR, $4::VARCHAR, $5::VARCHAR, $6::VARCHAR]) AND pg_catalog.pg_table_is_visible(pg_catalog.pg_class.oid) AND pg_catalog.pg_namespace.nspname != $7::VARCHAR
2026-03-23 09:01:13,319 - sqlalchemy.engine.Engine - INFO - SELECT pg_catalog.pg_class.relname 
FROM pg_catalog.pg_class JOIN pg_catalog.pg_namespace ON pg_catalog.pg_namespace.oid = pg_catalog.pg_class.relnamespace 
WHERE pg_catalog.pg_class.relname = $1::VARCHAR AND pg_catalog.pg_class.relkind = ANY (ARRAY[$2::VARCHAR, $3::VARCHAR, $4::VARCHAR, $5::VARCHAR, $6::VARCHAR]) AND pg_catalog.pg_table_is_visible(pg_catalog.pg_class.oid) AND pg_catalog.pg_namespace.nspname != $7::VARCHAR
2026-03-23 09:01:13,319 INFO sqlalchemy.engine.Engine [cached since 0.01427s ago] ('excel_ingestion_meta', 'r', 'p', 'f', 'v', 'm', 'pg_catalog')
2026-03-23 09:01:13,319 - sqlalchemy.engine.Engine - INFO - [cached since 0.01427s ago] ('excel_ingestion_meta', 'r', 'p', 'f', 'v', 'm', 'pg_catalog')
2026-03-23 09:01:13,321 INFO sqlalchemy.engine.Engine SELECT pg_catalog.pg_type.typname 
FROM pg_catalog.pg_type JOIN pg_catalog.pg_namespace ON pg_catalog.pg_namespace.oid = pg_catalog.pg_type.typnamespace 
WHERE pg_catalog.pg_type.typname = $1::VARCHAR AND pg_catalog.pg_type_is_visible(pg_catalog.pg_type.oid) AND pg_catalog.pg_namespace.nspname != $2::VARCHAR
2026-03-23 09:01:13,321 - sqlalchemy.engine.Engine - INFO - SELECT pg_catalog.pg_type.typname 
FROM pg_catalog.pg_type JOIN pg_catalog.pg_namespace ON pg_catalog.pg_namespace.oid = pg_catalog.pg_type.typnamespace 
WHERE pg_catalog.pg_type.typname = $1::VARCHAR AND pg_catalog.pg_type_is_visible(pg_catalog.pg_type.oid) AND pg_catalog.pg_namespace.nspname != $2::VARCHAR
2026-03-23 09:01:13,321 INFO sqlalchemy.engine.Engine [generated in 0.00016s] ('keywordpriority', 'pg_catalog')
2026-03-23 09:01:13,321 - sqlalchemy.engine.Engine - INFO - [generated in 0.00016s] ('keywordpriority', 'pg_catalog')
2026-03-23 09:01:13,323 INFO sqlalchemy.engine.Engine SELECT pg_catalog.pg_type.typname 
FROM pg_catalog.pg_type JOIN pg_catalog.pg_namespace ON pg_catalog.pg_namespace.oid = pg_catalog.pg_type.typnamespace 
WHERE pg_catalog.pg_type.typname = $1::VARCHAR AND pg_catalog.pg_type_is_visible(pg_catalog.pg_type.oid) AND pg_catalog.pg_namespace.nspname != $2::VARCHAR
2026-03-23 09:01:13,323 - sqlalchemy.engine.Engine - INFO - SELECT pg_catalog.pg_type.typname 
FROM pg_catalog.pg_type JOIN pg_catalog.pg_namespace ON pg_catalog.pg_namespace.oid = pg_catalog.pg_type.typnamespace 
WHERE pg_catalog.pg_type.typname = $1::VARCHAR AND pg_catalog.pg_type_is_visible(pg_catalog.pg_type.oid) AND pg_catalog.pg_namespace.nspname != $2::VARCHAR
2026-03-23 09:01:13,323 INFO sqlalchemy.engine.Engine [cached since 0.002156s ago] ('logintype', 'pg_catalog')
2026-03-23 09:01:13,323 - sqlalchemy.engine.Engine - INFO - [cached since 0.002156s ago] ('logintype', 'pg_catalog')
2026-03-23 09:01:13,324 INFO sqlalchemy.engine.Engine SELECT pg_catalog.pg_type.typname 
FROM pg_catalog.pg_type JOIN pg_catalog.pg_namespace ON pg_catalog.pg_namespace.oid = pg_catalog.pg_type.typnamespace 
WHERE pg_catalog.pg_type.typname = $1::VARCHAR AND pg_catalog.pg_type_is_visible(pg_catalog.pg_type.oid) AND pg_catalog.pg_namespace.nspname != $2::VARCHAR
2026-03-23 09:01:13,324 - sqlalchemy.engine.Engine - INFO - SELECT pg_catalog.pg_type.typname 
FROM pg_catalog.pg_type JOIN pg_catalog.pg_namespace ON pg_catalog.pg_namespace.oid = pg_catalog.pg_type.typnamespace 
WHERE pg_catalog.pg_type.typname = $1::VARCHAR AND pg_catalog.pg_type_is_visible(pg_catalog.pg_type.oid) AND pg_catalog.pg_namespace.nspname != $2::VARCHAR
2026-03-23 09:01:13,324 INFO sqlalchemy.engine.Engine [cached since 0.003414s ago] ('sourcestatus', 'pg_catalog')
2026-03-23 09:01:13,324 - sqlalchemy.engine.Engine - INFO - [cached since 0.003414s ago] ('sourcestatus', 'pg_catalog')
2026-03-23 09:01:13,325 INFO sqlalchemy.engine.Engine SELECT pg_catalog.pg_type.typname 
FROM pg_catalog.pg_type JOIN pg_catalog.pg_namespace ON pg_catalog.pg_namespace.oid = pg_catalog.pg_type.typnamespace 
WHERE pg_catalog.pg_type.typname = $1::VARCHAR AND pg_catalog.pg_type_is_visible(pg_catalog.pg_type.oid) AND pg_catalog.pg_namespace.nspname != $2::VARCHAR
2026-03-23 09:01:13,325 - sqlalchemy.engine.Engine - INFO - SELECT pg_catalog.pg_type.typname 
FROM pg_catalog.pg_type JOIN pg_catalog.pg_namespace ON pg_catalog.pg_namespace.oid = pg_catalog.pg_type.typnamespace 
WHERE pg_catalog.pg_type.typname = $1::VARCHAR AND pg_catalog.pg_type_is_visible(pg_catalog.pg_type.oid) AND pg_catalog.pg_namespace.nspname != $2::VARCHAR
2026-03-23 09:01:13,325 INFO sqlalchemy.engine.Engine [cached since 0.004539s ago] ('fetchstatus', 'pg_catalog')
2026-03-23 09:01:13,325 - sqlalchemy.engine.Engine - INFO - [cached since 0.004539s ago] ('fetchstatus', 'pg_catalog')
2026-03-23 09:01:13,326 INFO sqlalchemy.engine.Engine SELECT pg_catalog.pg_type.typname 
FROM pg_catalog.pg_type JOIN pg_catalog.pg_namespace ON pg_catalog.pg_namespace.oid = pg_catalog.pg_type.typnamespace 
WHERE pg_catalog.pg_type.typname = $1::VARCHAR AND pg_catalog.pg_type_is_visible(pg_catalog.pg_type.oid) AND pg_catalog.pg_namespace.nspname != $2::VARCHAR
2026-03-23 09:01:13,326 - sqlalchemy.engine.Engine - INFO - SELECT pg_catalog.pg_type.typname 
FROM pg_catalog.pg_type JOIN pg_catalog.pg_namespace ON pg_catalog.pg_namespace.oid = pg_catalog.pg_type.typnamespace 
WHERE pg_catalog.pg_type.typname = $1::VARCHAR AND pg_catalog.pg_type_is_visible(pg_catalog.pg_type.oid) AND pg_catalog.pg_namespace.nspname != $2::VARCHAR
2026-03-23 09:01:13,326 INFO sqlalchemy.engine.Engine [cached since 0.005708s ago] ('notificationtype', 'pg_catalog')
2026-03-23 09:01:13,326 - sqlalchemy.engine.Engine - INFO - [cached since 0.005708s ago] ('notificationtype', 'pg_catalog')
2026-03-23 09:01:13,328 INFO sqlalchemy.engine.Engine SELECT pg_catalog.pg_type.typname 
FROM pg_catalog.pg_type JOIN pg_catalog.pg_namespace ON pg_catalog.pg_namespace.oid = pg_catalog.pg_type.typnamespace 
WHERE pg_catalog.pg_type.typname = $1::VARCHAR AND pg_catalog.pg_type_is_visible(pg_catalog.pg_type.oid) AND pg_catalog.pg_namespace.nspname != $2::VARCHAR
2026-03-23 09:01:13,328 - sqlalchemy.engine.Engine - INFO - SELECT pg_catalog.pg_type.typname 
FROM pg_catalog.pg_type JOIN pg_catalog.pg_namespace ON pg_catalog.pg_namespace.oid = pg_catalog.pg_type.typnamespace 
WHERE pg_catalog.pg_type.typname = $1::VARCHAR AND pg_catalog.pg_type_is_visible(pg_catalog.pg_type.oid) AND pg_catalog.pg_namespace.nspname != $2::VARCHAR
2026-03-23 09:01:13,328 INFO sqlalchemy.engine.Engine [cached since 0.006995s ago] ('notificationchannel', 'pg_catalog')
2026-03-23 09:01:13,328 - sqlalchemy.engine.Engine - INFO - [cached since 0.006995s ago] ('notificationchannel', 'pg_catalog')
2026-03-23 09:01:13,329 INFO sqlalchemy.engine.Engine SELECT pg_catalog.pg_type.typname 
FROM pg_catalog.pg_type JOIN pg_catalog.pg_namespace ON pg_catalog.pg_namespace.oid = pg_catalog.pg_type.typnamespace 
WHERE pg_catalog.pg_type.typname = $1::VARCHAR AND pg_catalog.pg_type_is_visible(pg_catalog.pg_type.oid) AND pg_catalog.pg_namespace.nspname != $2::VARCHAR
2026-03-23 09:01:13,329 - sqlalchemy.engine.Engine - INFO - SELECT pg_catalog.pg_type.typname 
FROM pg_catalog.pg_type JOIN pg_catalog.pg_namespace ON pg_catalog.pg_namespace.oid = pg_catalog.pg_type.typnamespace 
WHERE pg_catalog.pg_type.typname = $1::VARCHAR AND pg_catalog.pg_type_is_visible(pg_catalog.pg_type.oid) AND pg_catalog.pg_namespace.nspname != $2::VARCHAR
2026-03-23 09:01:13,329 INFO sqlalchemy.engine.Engine [cached since 0.008151s ago] ('filestatus', 'pg_catalog')
2026-03-23 09:01:13,329 - sqlalchemy.engine.Engine - INFO - [cached since 0.008151s ago] ('filestatus', 'pg_catalog')
2026-03-23 09:01:13,329 INFO sqlalchemy.engine.Engine COMMIT
2026-03-23 09:01:13,329 - sqlalchemy.engine.Engine - INFO - COMMIT
2026-03-23 09:01:13,330 - app.main - INFO - Database tables created/verified
2026-03-23 09:01:13,330 - apscheduler.scheduler - INFO - Added job "excel_job" to job store "default"
2026-03-23 09:01:13,330 - apscheduler.scheduler - INFO - Scheduler started
2026-03-23 09:01:13,330 - app.main - INFO - Scheduler started
INFO:     Application startup complete.
INFO:     Uvicorn running on http://0.0.0.0:8000 (Press CTRL+C to quit)
INFO:     49.207.51.171:45573 - "GET /docs HTTP/1.1" 200 OK
INFO:     49.207.51.171:45573 - "GET /openapi.json HTTP/1.1" 200 OK
2026-03-23 09:02:12,699 - apscheduler.executors.default - INFO - Running job "excel_job (trigger: interval[0:01:00], next run at: 2026-03-23 09:02:12 UTC)" (scheduled at 2026-03-23 09:02:12.698551+00:00)
2026-03-23 09:02:12,700 - app.core.scheduler - INFO - Excel Auto Fetch Started
2026-03-23 09:02:12,740 - app.core.scheduler - ERROR - Excel Scheduler Error: greenlet_spawn has not been called; can't call await_only() here. Was IO attempted in an unexpected place? (Background on this error at: https://sqlalche.me/e/20/xd2s)
2026-03-23 09:02:12,740 - apscheduler.executors.default - INFO - Job "excel_job (trigger: interval[0:01:00], next run at: 2026-03-23 09:03:12 UTC)" executed successfully
2026-03-23 09:03:12,699 - apscheduler.executors.default - INFO - Running job "excel_job (trigger: interval[0:01:00], next run at: 2026-03-23 09:04:12 UTC)" (scheduled at 2026-03-23 09:03:12.698551+00:00)
2026-03-23 09:03:12,699 - app.core.scheduler - INFO - Excel Auto Fetch Started
2026-03-23 09:03:12,699 - app.core.scheduler - ERROR - Excel Scheduler Error: greenlet_spawn has not been called; can't call await_only() here. Was IO attempted in an unexpected place? (Background on this error at: https://sqlalche.me/e/20/xd2s)
2026-03-23 09:03:12,699 - apscheduler.executors.default - INFO - Job "excel_job (trigger: interval[0:01:00], next run at: 2026-03-23 09:04:12 UTC)" executed successfully
2026-03-23 09:04:12,698 - apscheduler.executors.default - INFO - Running job "excel_job (trigger: interval[0:01:00], next run at: 2026-03-23 09:05:12 UTC)" (scheduled at 2026-03-23 09:04:12.698551+00:00)
2026-03-23 09:04:12,699 - app.core.scheduler - INFO - Excel Auto Fetch Started
2026-03-23 09:04:12,699 - app.core.scheduler - ERROR - Excel Scheduler Error: greenlet_spawn has not been called; can't call await_only() here. Was IO attempted in an unexpected place? (Background on this error at: https://sqlalche.me/e/20/xd2s)
2026-03-23 09:04:12,699 - apscheduler.executors.default - INFO - Job "excel_job (trigger: interval[0:01:00], next run at: 2026-03-23 09:05:12 UTC)" executed successfully
2026-03-23 09:05:12,698 - apscheduler.executors.default - INFO - Running job "excel_job (trigger: interval[0:01:00], next run at: 2026-03-23 09:06:12 UTC)" (scheduled at 2026-03-23 09:05:12.698551+00:00)
2026-03-23 09:05:12,699 - app.core.scheduler - INFO - Excel Auto Fetch Started
2026-03-23 09:05:12,699 - app.core.scheduler - ERROR - Excel Scheduler Error: greenlet_spawn has not been called; can't call await_only() here. Was IO attempted in an unexpected place? (Background on this error at: https://sqlalche.me/e/20/xd2s)
2026-03-23 09:05:12,699 - apscheduler.executors.default - INFO - Job "excel_job (trigger: interval[0:01:00], next run at: 2026-03-23 09:06:12 UTC)" executed successfully
2026-03-23 09:06:12,698 - apscheduler.executors.default - INFO - Running job "excel_job (trigger: interval[0:01:00], next run at: 2026-03-23 09:07:12 UTC)" (scheduled at 2026-03-23 09:06:12.698551+00:00)
2026-03-23 09:06:12,699 - app.core.scheduler - INFO - Excel Auto Fetch Started
2026-03-23 09:06:12,699 - app.core.scheduler - ERROR - Excel Scheduler Error: greenlet_spawn has not been called; can't call await_only() here. Was IO attempted in an unexpected place? (Background on this error at: https://sqlalche.me/e/20/xd2s)
2026-03-23 09:06:12,699 - apscheduler.executors.default - INFO - Job "excel_job (trigger: interval[0:01:00], next run at: 2026-03-23 09:07:12 UTC)" executed successfully
2026-03-23 09:07:12,699 - apscheduler.executors.default - INFO - Running job "excel_job (trigger: interval[0:01:00], next run at: 2026-03-23 09:08:12 UTC)" (scheduled at 2026-03-23 09:07:12.698551+00:00)
2026-03-23 09:07:12,699 - app.core.scheduler - INFO - Excel Auto Fetch Started
2026-03-23 09:07:12,699 - app.core.scheduler - ERROR - Excel Scheduler Error: greenlet_spawn has not been called; can't call await_only() here. Was IO attempted in an unexpected place? (Background on this error at: https://sqlalche.me/e/20/xd2s)
2026-03-23 09:07:12,699 - apscheduler.executors.default - INFO - Job "excel_job (trigger: interval[0:01:00], next run at: 2026-03-23 09:08:12 UTC)" executed successfully
2026-03-23 09:08:12,699 - apscheduler.executors.default - INFO - Running job "excel_job (trigger: interval[0:01:00], next run at: 2026-03-23 09:09:12 UTC)" (scheduled at 2026-03-23 09:08:12.698551+00:00)
2026-03-23 09:08:12,699 - app.core.scheduler - INFO - Excel Auto Fetch Started
2026-03-23 09:08:12,699 - app.core.scheduler - ERROR - Excel Scheduler Error: greenlet_spawn has not been called; can't call await_only() here. Was IO attempted in an unexpected place? (Background on this error at: https://sqlalche.me/e/20/xd2s)
2026-03-23 09:08:12,699 - apscheduler.executors.default - INFO - Job "excel_job (trigger: interval[0:01:00], next run at: 2026-03-23 09:09:12 UTC)" executed successfully
2026-03-23 09:09:12,699 - apscheduler.executors.default - INFO - Running job "excel_job (trigger: interval[0:01:00], next run at: 2026-03-23 09:10:12 UTC)" (scheduled at 2026-03-23 09:09:12.698551+00:00)
2026-03-23 09:09:12,699 - app.core.scheduler - INFO - Excel Auto Fetch Started
2026-03-23 09:09:12,699 - app.core.scheduler - ERROR - Excel Scheduler Error: greenlet_spawn has not been called; can't call await_only() here. Was IO attempted in an unexpected place? (Background on this error at: https://sqlalche.me/e/20/xd2s)
2026-03-23 09:09:12,699 - apscheduler.executors.default - INFO - Job "excel_job (trigger: interval[0:01:00], next run at: 2026-03-23 09:10:12 UTC)" executed successfully
2026-03-23 09:15:18,842 - apscheduler.executors.default - WARNING - Run time of job "excel_job (trigger: interval[0:01:00], next run at: 2026-03-23 09:11:12 UTC)" was missed by 0:00:18.513779
2026-03-23 09:15:23,631 - apscheduler.scheduler - WARNING - Execution of job "excel_job (trigger: interval[0:01:00], next run at: 2026-03-23 09:11:12 UTC)" skipped: maximum number of running instances reached (1)

 [ AUTO EXCEL FETCH START ]

 [ AUTO EXCEL FETCH START ]

 [ AUTO EXCEL FETCH START ]

 [ AUTO EXCEL FETCH START ]

 [ AUTO EXCEL FETCH START ]

 [ AUTO EXCEL FETCH START ]

 [ AUTO EXCEL FETCH START ]

 [ AUTO EXCEL FETCH START ]
INFO:     49.207.51.171:46380 - "GET /docs HTTP/1.1" 200 OK
INFO:     49.207.51.171:46380 - "GET /openapi.json HTTP/1.1" 200 OK
INFO:     Shutting down
INFO:     Waiting for application shutdown.
2026-03-23 09:15:24,100 - app.main - INFO - Shutting down Tender Intel System...
2026-03-23 09:15:24,102 - apscheduler.scheduler - INFO - Scheduler has been shut down
2026-03-23 09:15:24,102 - app.main - INFO - Scheduler stopped
INFO:     Application shutdown complete.
INFO:     Finished server process [5618]
