INFO:     Will watch for changes in these directories: ['/home/ubuntu/KashiKartCiCd/backend']
INFO:     Uvicorn running on http://0.0.0.0:8000 (Press CTRL+C to quit)
INFO:     Started reloader process [26707] using StatReload
INFO:     Started server process [26710]
INFO:     Waiting for application startup.
2026-03-22 19:19:24,222 - app.main - INFO - Starting Tender Intel System...
Loaded DATABASE_URL: postgresql+asyncpg://kashikart_user:yourpassword@127.0.0.1:5432/kashikart_db
2026-03-22 19:19:24,261 INFO sqlalchemy.engine.Engine select pg_catalog.version()
2026-03-22 19:19:24,261 - sqlalchemy.engine.Engine - INFO - select pg_catalog.version()
2026-03-22 19:19:24,261 INFO sqlalchemy.engine.Engine [raw sql] ()
2026-03-22 19:19:24,261 - sqlalchemy.engine.Engine - INFO - [raw sql] ()
2026-03-22 19:19:24,263 INFO sqlalchemy.engine.Engine select current_schema()
2026-03-22 19:19:24,263 - sqlalchemy.engine.Engine - INFO - select current_schema()
2026-03-22 19:19:24,263 INFO sqlalchemy.engine.Engine [raw sql] ()
2026-03-22 19:19:24,263 - sqlalchemy.engine.Engine - INFO - [raw sql] ()
2026-03-22 19:19:24,264 INFO sqlalchemy.engine.Engine show standard_conforming_strings
2026-03-22 19:19:24,264 - sqlalchemy.engine.Engine - INFO - show standard_conforming_strings
2026-03-22 19:19:24,264 INFO sqlalchemy.engine.Engine [raw sql] ()
2026-03-22 19:19:24,264 - sqlalchemy.engine.Engine - INFO - [raw sql] ()
2026-03-22 19:19:24,267 INFO sqlalchemy.engine.Engine BEGIN (implicit)
2026-03-22 19:19:24,267 - sqlalchemy.engine.Engine - INFO - BEGIN (implicit)
2026-03-22 19:19:24,270 INFO sqlalchemy.engine.Engine SELECT pg_catalog.pg_class.relname 
FROM pg_catalog.pg_class JOIN pg_catalog.pg_namespace ON pg_catalog.pg_namespace.oid = pg_catalog.pg_class.relnamespace 
WHERE pg_catalog.pg_class.relname = $1::VARCHAR AND pg_catalog.pg_class.relkind = ANY (ARRAY[$2::VARCHAR, $3::VARCHAR, $4::VARCHAR, $5::VARCHAR, $6::VARCHAR]) AND pg_catalog.pg_table_is_visible(pg_catalog.pg_class.oid) AND pg_catalog.pg_namespace.nspname != $7::VARCHAR
2026-03-22 19:19:24,270 - sqlalchemy.engine.Engine - INFO - SELECT pg_catalog.pg_class.relname 
FROM pg_catalog.pg_class JOIN pg_catalog.pg_namespace ON pg_catalog.pg_namespace.oid = pg_catalog.pg_class.relnamespace 
WHERE pg_catalog.pg_class.relname = $1::VARCHAR AND pg_catalog.pg_class.relkind = ANY (ARRAY[$2::VARCHAR, $3::VARCHAR, $4::VARCHAR, $5::VARCHAR, $6::VARCHAR]) AND pg_catalog.pg_table_is_visible(pg_catalog.pg_class.oid) AND pg_catalog.pg_namespace.nspname != $7::VARCHAR
2026-03-22 19:19:24,270 INFO sqlalchemy.engine.Engine [generated in 0.00023s] ('users', 'r', 'p', 'f', 'v', 'm', 'pg_catalog')
2026-03-22 19:19:24,270 - sqlalchemy.engine.Engine - INFO - [generated in 0.00023s] ('users', 'r', 'p', 'f', 'v', 'm', 'pg_catalog')
2026-03-22 19:19:24,273 INFO sqlalchemy.engine.Engine SELECT pg_catalog.pg_class.relname 
FROM pg_catalog.pg_class JOIN pg_catalog.pg_namespace ON pg_catalog.pg_namespace.oid = pg_catalog.pg_class.relnamespace 
WHERE pg_catalog.pg_class.relname = $1::VARCHAR AND pg_catalog.pg_class.relkind = ANY (ARRAY[$2::VARCHAR, $3::VARCHAR, $4::VARCHAR, $5::VARCHAR, $6::VARCHAR]) AND pg_catalog.pg_table_is_visible(pg_catalog.pg_class.oid) AND pg_catalog.pg_namespace.nspname != $7::VARCHAR
2026-03-22 19:19:24,273 - sqlalchemy.engine.Engine - INFO - SELECT pg_catalog.pg_class.relname 
FROM pg_catalog.pg_class JOIN pg_catalog.pg_namespace ON pg_catalog.pg_namespace.oid = pg_catalog.pg_class.relnamespace 
WHERE pg_catalog.pg_class.relname = $1::VARCHAR AND pg_catalog.pg_class.relkind = ANY (ARRAY[$2::VARCHAR, $3::VARCHAR, $4::VARCHAR, $5::VARCHAR, $6::VARCHAR]) AND pg_catalog.pg_table_is_visible(pg_catalog.pg_class.oid) AND pg_catalog.pg_namespace.nspname != $7::VARCHAR
2026-03-22 19:19:24,273 INFO sqlalchemy.engine.Engine [cached since 0.00306s ago] ('tenders', 'r', 'p', 'f', 'v', 'm', 'pg_catalog')
2026-03-22 19:19:24,273 - sqlalchemy.engine.Engine - INFO - [cached since 0.00306s ago] ('tenders', 'r', 'p', 'f', 'v', 'm', 'pg_catalog')
2026-03-22 19:19:24,274 INFO sqlalchemy.engine.Engine SELECT pg_catalog.pg_class.relname 
FROM pg_catalog.pg_class JOIN pg_catalog.pg_namespace ON pg_catalog.pg_namespace.oid = pg_catalog.pg_class.relnamespace 
WHERE pg_catalog.pg_class.relname = $1::VARCHAR AND pg_catalog.pg_class.relkind = ANY (ARRAY[$2::VARCHAR, $3::VARCHAR, $4::VARCHAR, $5::VARCHAR, $6::VARCHAR]) AND pg_catalog.pg_table_is_visible(pg_catalog.pg_class.oid) AND pg_catalog.pg_namespace.nspname != $7::VARCHAR
2026-03-22 19:19:24,274 - sqlalchemy.engine.Engine - INFO - SELECT pg_catalog.pg_class.relname 
FROM pg_catalog.pg_class JOIN pg_catalog.pg_namespace ON pg_catalog.pg_namespace.oid = pg_catalog.pg_class.relnamespace 
WHERE pg_catalog.pg_class.relname = $1::VARCHAR AND pg_catalog.pg_class.relkind = ANY (ARRAY[$2::VARCHAR, $3::VARCHAR, $4::VARCHAR, $5::VARCHAR, $6::VARCHAR]) AND pg_catalog.pg_table_is_visible(pg_catalog.pg_class.oid) AND pg_catalog.pg_namespace.nspname != $7::VARCHAR
2026-03-22 19:19:24,274 INFO sqlalchemy.engine.Engine [cached since 0.003866s ago] ('keywords', 'r', 'p', 'f', 'v', 'm', 'pg_catalog')
2026-03-22 19:19:24,274 - sqlalchemy.engine.Engine - INFO - [cached since 0.003866s ago] ('keywords', 'r', 'p', 'f', 'v', 'm', 'pg_catalog')
2026-03-22 19:19:24,275 INFO sqlalchemy.engine.Engine SELECT pg_catalog.pg_class.relname 
FROM pg_catalog.pg_class JOIN pg_catalog.pg_namespace ON pg_catalog.pg_namespace.oid = pg_catalog.pg_class.relnamespace 
WHERE pg_catalog.pg_class.relname = $1::VARCHAR AND pg_catalog.pg_class.relkind = ANY (ARRAY[$2::VARCHAR, $3::VARCHAR, $4::VARCHAR, $5::VARCHAR, $6::VARCHAR]) AND pg_catalog.pg_table_is_visible(pg_catalog.pg_class.oid) AND pg_catalog.pg_namespace.nspname != $7::VARCHAR
2026-03-22 19:19:24,275 - sqlalchemy.engine.Engine - INFO - SELECT pg_catalog.pg_class.relname 
FROM pg_catalog.pg_class JOIN pg_catalog.pg_namespace ON pg_catalog.pg_namespace.oid = pg_catalog.pg_class.relnamespace 
WHERE pg_catalog.pg_class.relname = $1::VARCHAR AND pg_catalog.pg_class.relkind = ANY (ARRAY[$2::VARCHAR, $3::VARCHAR, $4::VARCHAR, $5::VARCHAR, $6::VARCHAR]) AND pg_catalog.pg_table_is_visible(pg_catalog.pg_class.oid) AND pg_catalog.pg_namespace.nspname != $7::VARCHAR
2026-03-22 19:19:24,275 INFO sqlalchemy.engine.Engine [cached since 0.004617s ago] ('tender_keyword_matches', 'r', 'p', 'f', 'v', 'm', 'pg_catalog')
2026-03-22 19:19:24,275 - sqlalchemy.engine.Engine - INFO - [cached since 0.004617s ago] ('tender_keyword_matches', 'r', 'p', 'f', 'v', 'm', 'pg_catalog')
2026-03-22 19:19:24,275 INFO sqlalchemy.engine.Engine SELECT pg_catalog.pg_class.relname 
FROM pg_catalog.pg_class JOIN pg_catalog.pg_namespace ON pg_catalog.pg_namespace.oid = pg_catalog.pg_class.relnamespace 
WHERE pg_catalog.pg_class.relname = $1::VARCHAR AND pg_catalog.pg_class.relkind = ANY (ARRAY[$2::VARCHAR, $3::VARCHAR, $4::VARCHAR, $5::VARCHAR, $6::VARCHAR]) AND pg_catalog.pg_table_is_visible(pg_catalog.pg_class.oid) AND pg_catalog.pg_namespace.nspname != $7::VARCHAR
2026-03-22 19:19:24,275 - sqlalchemy.engine.Engine - INFO - SELECT pg_catalog.pg_class.relname 
FROM pg_catalog.pg_class JOIN pg_catalog.pg_namespace ON pg_catalog.pg_namespace.oid = pg_catalog.pg_class.relnamespace 
WHERE pg_catalog.pg_class.relname = $1::VARCHAR AND pg_catalog.pg_class.relkind = ANY (ARRAY[$2::VARCHAR, $3::VARCHAR, $4::VARCHAR, $5::VARCHAR, $6::VARCHAR]) AND pg_catalog.pg_table_is_visible(pg_catalog.pg_class.oid) AND pg_catalog.pg_namespace.nspname != $7::VARCHAR
2026-03-22 19:19:24,275 INFO sqlalchemy.engine.Engine [cached since 0.005347s ago] ('sources', 'r', 'p', 'f', 'v', 'm', 'pg_catalog')
2026-03-22 19:19:24,275 - sqlalchemy.engine.Engine - INFO - [cached since 0.005347s ago] ('sources', 'r', 'p', 'f', 'v', 'm', 'pg_catalog')
2026-03-22 19:19:24,276 INFO sqlalchemy.engine.Engine SELECT pg_catalog.pg_class.relname 
FROM pg_catalog.pg_class JOIN pg_catalog.pg_namespace ON pg_catalog.pg_namespace.oid = pg_catalog.pg_class.relnamespace 
WHERE pg_catalog.pg_class.relname = $1::VARCHAR AND pg_catalog.pg_class.relkind = ANY (ARRAY[$2::VARCHAR, $3::VARCHAR, $4::VARCHAR, $5::VARCHAR, $6::VARCHAR]) AND pg_catalog.pg_table_is_visible(pg_catalog.pg_class.oid) AND pg_catalog.pg_namespace.nspname != $7::VARCHAR
2026-03-22 19:19:24,276 - sqlalchemy.engine.Engine - INFO - SELECT pg_catalog.pg_class.relname 
FROM pg_catalog.pg_class JOIN pg_catalog.pg_namespace ON pg_catalog.pg_namespace.oid = pg_catalog.pg_class.relnamespace 
WHERE pg_catalog.pg_class.relname = $1::VARCHAR AND pg_catalog.pg_class.relkind = ANY (ARRAY[$2::VARCHAR, $3::VARCHAR, $4::VARCHAR, $5::VARCHAR, $6::VARCHAR]) AND pg_catalog.pg_table_is_visible(pg_catalog.pg_class.oid) AND pg_catalog.pg_namespace.nspname != $7::VARCHAR
2026-03-22 19:19:24,276 INFO sqlalchemy.engine.Engine [cached since 0.00606s ago] ('fetch_logs', 'r', 'p', 'f', 'v', 'm', 'pg_catalog')
2026-03-22 19:19:24,276 - sqlalchemy.engine.Engine - INFO - [cached since 0.00606s ago] ('fetch_logs', 'r', 'p', 'f', 'v', 'm', 'pg_catalog')
2026-03-22 19:19:24,277 INFO sqlalchemy.engine.Engine SELECT pg_catalog.pg_class.relname 
FROM pg_catalog.pg_class JOIN pg_catalog.pg_namespace ON pg_catalog.pg_namespace.oid = pg_catalog.pg_class.relnamespace 
WHERE pg_catalog.pg_class.relname = $1::VARCHAR AND pg_catalog.pg_class.relkind = ANY (ARRAY[$2::VARCHAR, $3::VARCHAR, $4::VARCHAR, $5::VARCHAR, $6::VARCHAR]) AND pg_catalog.pg_table_is_visible(pg_catalog.pg_class.oid) AND pg_catalog.pg_namespace.nspname != $7::VARCHAR
2026-03-22 19:19:24,277 - sqlalchemy.engine.Engine - INFO - SELECT pg_catalog.pg_class.relname 
FROM pg_catalog.pg_class JOIN pg_catalog.pg_namespace ON pg_catalog.pg_namespace.oid = pg_catalog.pg_class.relnamespace 
WHERE pg_catalog.pg_class.relname = $1::VARCHAR AND pg_catalog.pg_class.relkind = ANY (ARRAY[$2::VARCHAR, $3::VARCHAR, $4::VARCHAR, $5::VARCHAR, $6::VARCHAR]) AND pg_catalog.pg_table_is_visible(pg_catalog.pg_class.oid) AND pg_catalog.pg_namespace.nspname != $7::VARCHAR
2026-03-22 19:19:24,277 INFO sqlalchemy.engine.Engine [cached since 0.006742s ago] ('notifications', 'r', 'p', 'f', 'v', 'm', 'pg_catalog')
2026-03-22 19:19:24,277 - sqlalchemy.engine.Engine - INFO - [cached since 0.006742s ago] ('notifications', 'r', 'p', 'f', 'v', 'm', 'pg_catalog')
2026-03-22 19:19:24,277 INFO sqlalchemy.engine.Engine SELECT pg_catalog.pg_class.relname 
FROM pg_catalog.pg_class JOIN pg_catalog.pg_namespace ON pg_catalog.pg_namespace.oid = pg_catalog.pg_class.relnamespace 
WHERE pg_catalog.pg_class.relname = $1::VARCHAR AND pg_catalog.pg_class.relkind = ANY (ARRAY[$2::VARCHAR, $3::VARCHAR, $4::VARCHAR, $5::VARCHAR, $6::VARCHAR]) AND pg_catalog.pg_table_is_visible(pg_catalog.pg_class.oid) AND pg_catalog.pg_namespace.nspname != $7::VARCHAR
2026-03-22 19:19:24,277 - sqlalchemy.engine.Engine - INFO - SELECT pg_catalog.pg_class.relname 
FROM pg_catalog.pg_class JOIN pg_catalog.pg_namespace ON pg_catalog.pg_namespace.oid = pg_catalog.pg_class.relnamespace 
WHERE pg_catalog.pg_class.relname = $1::VARCHAR AND pg_catalog.pg_class.relkind = ANY (ARRAY[$2::VARCHAR, $3::VARCHAR, $4::VARCHAR, $5::VARCHAR, $6::VARCHAR]) AND pg_catalog.pg_table_is_visible(pg_catalog.pg_class.oid) AND pg_catalog.pg_namespace.nspname != $7::VARCHAR
2026-03-22 19:19:24,277 INFO sqlalchemy.engine.Engine [cached since 0.007354s ago] ('refresh_tokens', 'r', 'p', 'f', 'v', 'm', 'pg_catalog')
2026-03-22 19:19:24,277 - sqlalchemy.engine.Engine - INFO - [cached since 0.007354s ago] ('refresh_tokens', 'r', 'p', 'f', 'v', 'm', 'pg_catalog')
2026-03-22 19:19:24,278 INFO sqlalchemy.engine.Engine SELECT pg_catalog.pg_class.relname 
FROM pg_catalog.pg_class JOIN pg_catalog.pg_namespace ON pg_catalog.pg_namespace.oid = pg_catalog.pg_class.relnamespace 
WHERE pg_catalog.pg_class.relname = $1::VARCHAR AND pg_catalog.pg_class.relkind = ANY (ARRAY[$2::VARCHAR, $3::VARCHAR, $4::VARCHAR, $5::VARCHAR, $6::VARCHAR]) AND pg_catalog.pg_table_is_visible(pg_catalog.pg_class.oid) AND pg_catalog.pg_namespace.nspname != $7::VARCHAR
2026-03-22 19:19:24,278 - sqlalchemy.engine.Engine - INFO - SELECT pg_catalog.pg_class.relname 
FROM pg_catalog.pg_class JOIN pg_catalog.pg_namespace ON pg_catalog.pg_namespace.oid = pg_catalog.pg_class.relnamespace 
WHERE pg_catalog.pg_class.relname = $1::VARCHAR AND pg_catalog.pg_class.relkind = ANY (ARRAY[$2::VARCHAR, $3::VARCHAR, $4::VARCHAR, $5::VARCHAR, $6::VARCHAR]) AND pg_catalog.pg_table_is_visible(pg_catalog.pg_class.oid) AND pg_catalog.pg_namespace.nspname != $7::VARCHAR
2026-03-22 19:19:24,278 INFO sqlalchemy.engine.Engine [cached since 0.007907s ago] ('notification_settings', 'r', 'p', 'f', 'v', 'm', 'pg_catalog')
2026-03-22 19:19:24,278 - sqlalchemy.engine.Engine - INFO - [cached since 0.007907s ago] ('notification_settings', 'r', 'p', 'f', 'v', 'm', 'pg_catalog')
2026-03-22 19:19:24,278 INFO sqlalchemy.engine.Engine SELECT pg_catalog.pg_class.relname 
FROM pg_catalog.pg_class JOIN pg_catalog.pg_namespace ON pg_catalog.pg_namespace.oid = pg_catalog.pg_class.relnamespace 
WHERE pg_catalog.pg_class.relname = $1::VARCHAR AND pg_catalog.pg_class.relkind = ANY (ARRAY[$2::VARCHAR, $3::VARCHAR, $4::VARCHAR, $5::VARCHAR, $6::VARCHAR]) AND pg_catalog.pg_table_is_visible(pg_catalog.pg_class.oid) AND pg_catalog.pg_namespace.nspname != $7::VARCHAR
2026-03-22 19:19:24,278 - sqlalchemy.engine.Engine - INFO - SELECT pg_catalog.pg_class.relname 
FROM pg_catalog.pg_class JOIN pg_catalog.pg_namespace ON pg_catalog.pg_namespace.oid = pg_catalog.pg_class.relnamespace 
WHERE pg_catalog.pg_class.relname = $1::VARCHAR AND pg_catalog.pg_class.relkind = ANY (ARRAY[$2::VARCHAR, $3::VARCHAR, $4::VARCHAR, $5::VARCHAR, $6::VARCHAR]) AND pg_catalog.pg_table_is_visible(pg_catalog.pg_class.oid) AND pg_catalog.pg_namespace.nspname != $7::VARCHAR
2026-03-22 19:19:24,278 INFO sqlalchemy.engine.Engine [cached since 0.008469s ago] ('excel_file_tracker', 'r', 'p', 'f', 'v', 'm', 'pg_catalog')
2026-03-22 19:19:24,278 - sqlalchemy.engine.Engine - INFO - [cached since 0.008469s ago] ('excel_file_tracker', 'r', 'p', 'f', 'v', 'm', 'pg_catalog')
2026-03-22 19:19:24,279 INFO sqlalchemy.engine.Engine SELECT pg_catalog.pg_class.relname 
FROM pg_catalog.pg_class JOIN pg_catalog.pg_namespace ON pg_catalog.pg_namespace.oid = pg_catalog.pg_class.relnamespace 
WHERE pg_catalog.pg_class.relname = $1::VARCHAR AND pg_catalog.pg_class.relkind = ANY (ARRAY[$2::VARCHAR, $3::VARCHAR, $4::VARCHAR, $5::VARCHAR, $6::VARCHAR]) AND pg_catalog.pg_table_is_visible(pg_catalog.pg_class.oid) AND pg_catalog.pg_namespace.nspname != $7::VARCHAR
2026-03-22 19:19:24,279 - sqlalchemy.engine.Engine - INFO - SELECT pg_catalog.pg_class.relname 
FROM pg_catalog.pg_class JOIN pg_catalog.pg_namespace ON pg_catalog.pg_namespace.oid = pg_catalog.pg_class.relnamespace 
WHERE pg_catalog.pg_class.relname = $1::VARCHAR AND pg_catalog.pg_class.relkind = ANY (ARRAY[$2::VARCHAR, $3::VARCHAR, $4::VARCHAR, $5::VARCHAR, $6::VARCHAR]) AND pg_catalog.pg_table_is_visible(pg_catalog.pg_class.oid) AND pg_catalog.pg_namespace.nspname != $7::VARCHAR
2026-03-22 19:19:24,279 INFO sqlalchemy.engine.Engine [cached since 0.009014s ago] ('raw_excel_sheets', 'r', 'p', 'f', 'v', 'm', 'pg_catalog')
2026-03-22 19:19:24,279 - sqlalchemy.engine.Engine - INFO - [cached since 0.009014s ago] ('raw_excel_sheets', 'r', 'p', 'f', 'v', 'm', 'pg_catalog')
2026-03-22 19:19:24,279 INFO sqlalchemy.engine.Engine SELECT pg_catalog.pg_class.relname 
FROM pg_catalog.pg_class JOIN pg_catalog.pg_namespace ON pg_catalog.pg_namespace.oid = pg_catalog.pg_class.relnamespace 
WHERE pg_catalog.pg_class.relname = $1::VARCHAR AND pg_catalog.pg_class.relkind = ANY (ARRAY[$2::VARCHAR, $3::VARCHAR, $4::VARCHAR, $5::VARCHAR, $6::VARCHAR]) AND pg_catalog.pg_table_is_visible(pg_catalog.pg_class.oid) AND pg_catalog.pg_namespace.nspname != $7::VARCHAR
2026-03-22 19:19:24,279 - sqlalchemy.engine.Engine - INFO - SELECT pg_catalog.pg_class.relname 
FROM pg_catalog.pg_class JOIN pg_catalog.pg_namespace ON pg_catalog.pg_namespace.oid = pg_catalog.pg_class.relnamespace 
WHERE pg_catalog.pg_class.relname = $1::VARCHAR AND pg_catalog.pg_class.relkind = ANY (ARRAY[$2::VARCHAR, $3::VARCHAR, $4::VARCHAR, $5::VARCHAR, $6::VARCHAR]) AND pg_catalog.pg_table_is_visible(pg_catalog.pg_class.oid) AND pg_catalog.pg_namespace.nspname != $7::VARCHAR
2026-03-22 19:19:24,280 INFO sqlalchemy.engine.Engine [cached since 0.009567s ago] ('onedrive_tokens', 'r', 'p', 'f', 'v', 'm', 'pg_catalog')
2026-03-22 19:19:24,280 - sqlalchemy.engine.Engine - INFO - [cached since 0.009567s ago] ('onedrive_tokens', 'r', 'p', 'f', 'v', 'm', 'pg_catalog')
2026-03-22 19:19:24,280 INFO sqlalchemy.engine.Engine SELECT pg_catalog.pg_class.relname 
FROM pg_catalog.pg_class JOIN pg_catalog.pg_namespace ON pg_catalog.pg_namespace.oid = pg_catalog.pg_class.relnamespace 
WHERE pg_catalog.pg_class.relname = $1::VARCHAR AND pg_catalog.pg_class.relkind = ANY (ARRAY[$2::VARCHAR, $3::VARCHAR, $4::VARCHAR, $5::VARCHAR, $6::VARCHAR]) AND pg_catalog.pg_table_is_visible(pg_catalog.pg_class.oid) AND pg_catalog.pg_namespace.nspname != $7::VARCHAR
2026-03-22 19:19:24,280 - sqlalchemy.engine.Engine - INFO - SELECT pg_catalog.pg_class.relname 
FROM pg_catalog.pg_class JOIN pg_catalog.pg_namespace ON pg_catalog.pg_namespace.oid = pg_catalog.pg_class.relnamespace 
WHERE pg_catalog.pg_class.relname = $1::VARCHAR AND pg_catalog.pg_class.relkind = ANY (ARRAY[$2::VARCHAR, $3::VARCHAR, $4::VARCHAR, $5::VARCHAR, $6::VARCHAR]) AND pg_catalog.pg_table_is_visible(pg_catalog.pg_class.oid) AND pg_catalog.pg_namespace.nspname != $7::VARCHAR
2026-03-22 19:19:24,280 INFO sqlalchemy.engine.Engine [cached since 0.01012s ago] ('sheet_header_mappings', 'r', 'p', 'f', 'v', 'm', 'pg_catalog')
2026-03-22 19:19:24,280 - sqlalchemy.engine.Engine - INFO - [cached since 0.01012s ago] ('sheet_header_mappings', 'r', 'p', 'f', 'v', 'm', 'pg_catalog')
2026-03-22 19:19:24,281 INFO sqlalchemy.engine.Engine SELECT pg_catalog.pg_class.relname 
FROM pg_catalog.pg_class JOIN pg_catalog.pg_namespace ON pg_catalog.pg_namespace.oid = pg_catalog.pg_class.relnamespace 
WHERE pg_catalog.pg_class.relname = $1::VARCHAR AND pg_catalog.pg_class.relkind = ANY (ARRAY[$2::VARCHAR, $3::VARCHAR, $4::VARCHAR, $5::VARCHAR, $6::VARCHAR]) AND pg_catalog.pg_table_is_visible(pg_catalog.pg_class.oid) AND pg_catalog.pg_namespace.nspname != $7::VARCHAR
2026-03-22 19:19:24,281 - sqlalchemy.engine.Engine - INFO - SELECT pg_catalog.pg_class.relname 
FROM pg_catalog.pg_class JOIN pg_catalog.pg_namespace ON pg_catalog.pg_namespace.oid = pg_catalog.pg_class.relnamespace 
WHERE pg_catalog.pg_class.relname = $1::VARCHAR AND pg_catalog.pg_class.relkind = ANY (ARRAY[$2::VARCHAR, $3::VARCHAR, $4::VARCHAR, $5::VARCHAR, $6::VARCHAR]) AND pg_catalog.pg_table_is_visible(pg_catalog.pg_class.oid) AND pg_catalog.pg_namespace.nspname != $7::VARCHAR
2026-03-22 19:19:24,281 INFO sqlalchemy.engine.Engine [cached since 0.01068s ago] ('app_settings', 'r', 'p', 'f', 'v', 'm', 'pg_catalog')
2026-03-22 19:19:24,281 - sqlalchemy.engine.Engine - INFO - [cached since 0.01068s ago] ('app_settings', 'r', 'p', 'f', 'v', 'm', 'pg_catalog')
2026-03-22 19:19:24,281 INFO sqlalchemy.engine.Engine SELECT pg_catalog.pg_class.relname 
FROM pg_catalog.pg_class JOIN pg_catalog.pg_namespace ON pg_catalog.pg_namespace.oid = pg_catalog.pg_class.relnamespace 
WHERE pg_catalog.pg_class.relname = $1::VARCHAR AND pg_catalog.pg_class.relkind = ANY (ARRAY[$2::VARCHAR, $3::VARCHAR, $4::VARCHAR, $5::VARCHAR, $6::VARCHAR]) AND pg_catalog.pg_table_is_visible(pg_catalog.pg_class.oid) AND pg_catalog.pg_namespace.nspname != $7::VARCHAR
2026-03-22 19:19:24,281 - sqlalchemy.engine.Engine - INFO - SELECT pg_catalog.pg_class.relname 
FROM pg_catalog.pg_class JOIN pg_catalog.pg_namespace ON pg_catalog.pg_namespace.oid = pg_catalog.pg_class.relnamespace 
WHERE pg_catalog.pg_class.relname = $1::VARCHAR AND pg_catalog.pg_class.relkind = ANY (ARRAY[$2::VARCHAR, $3::VARCHAR, $4::VARCHAR, $5::VARCHAR, $6::VARCHAR]) AND pg_catalog.pg_table_is_visible(pg_catalog.pg_class.oid) AND pg_catalog.pg_namespace.nspname != $7::VARCHAR
2026-03-22 19:19:24,281 INFO sqlalchemy.engine.Engine [cached since 0.01123s ago] ('excel_file', 'r', 'p', 'f', 'v', 'm', 'pg_catalog')
2026-03-22 19:19:24,281 - sqlalchemy.engine.Engine - INFO - [cached since 0.01123s ago] ('excel_file', 'r', 'p', 'f', 'v', 'm', 'pg_catalog')
2026-03-22 19:19:24,282 INFO sqlalchemy.engine.Engine SELECT pg_catalog.pg_class.relname 
FROM pg_catalog.pg_class JOIN pg_catalog.pg_namespace ON pg_catalog.pg_namespace.oid = pg_catalog.pg_class.relnamespace 
WHERE pg_catalog.pg_class.relname = $1::VARCHAR AND pg_catalog.pg_class.relkind = ANY (ARRAY[$2::VARCHAR, $3::VARCHAR, $4::VARCHAR, $5::VARCHAR, $6::VARCHAR]) AND pg_catalog.pg_table_is_visible(pg_catalog.pg_class.oid) AND pg_catalog.pg_namespace.nspname != $7::VARCHAR
2026-03-22 19:19:24,282 - sqlalchemy.engine.Engine - INFO - SELECT pg_catalog.pg_class.relname 
FROM pg_catalog.pg_class JOIN pg_catalog.pg_namespace ON pg_catalog.pg_namespace.oid = pg_catalog.pg_class.relnamespace 
WHERE pg_catalog.pg_class.relname = $1::VARCHAR AND pg_catalog.pg_class.relkind = ANY (ARRAY[$2::VARCHAR, $3::VARCHAR, $4::VARCHAR, $5::VARCHAR, $6::VARCHAR]) AND pg_catalog.pg_table_is_visible(pg_catalog.pg_class.oid) AND pg_catalog.pg_namespace.nspname != $7::VARCHAR
2026-03-22 19:19:24,282 INFO sqlalchemy.engine.Engine [cached since 0.01177s ago] ('excel_sheet', 'r', 'p', 'f', 'v', 'm', 'pg_catalog')
2026-03-22 19:19:24,282 - sqlalchemy.engine.Engine - INFO - [cached since 0.01177s ago] ('excel_sheet', 'r', 'p', 'f', 'v', 'm', 'pg_catalog')
2026-03-22 19:19:24,282 INFO sqlalchemy.engine.Engine SELECT pg_catalog.pg_class.relname 
FROM pg_catalog.pg_class JOIN pg_catalog.pg_namespace ON pg_catalog.pg_namespace.oid = pg_catalog.pg_class.relnamespace 
WHERE pg_catalog.pg_class.relname = $1::VARCHAR AND pg_catalog.pg_class.relkind = ANY (ARRAY[$2::VARCHAR, $3::VARCHAR, $4::VARCHAR, $5::VARCHAR, $6::VARCHAR]) AND pg_catalog.pg_table_is_visible(pg_catalog.pg_class.oid) AND pg_catalog.pg_namespace.nspname != $7::VARCHAR
2026-03-22 19:19:24,282 - sqlalchemy.engine.Engine - INFO - SELECT pg_catalog.pg_class.relname 
FROM pg_catalog.pg_class JOIN pg_catalog.pg_namespace ON pg_catalog.pg_namespace.oid = pg_catalog.pg_class.relnamespace 
WHERE pg_catalog.pg_class.relname = $1::VARCHAR AND pg_catalog.pg_class.relkind = ANY (ARRAY[$2::VARCHAR, $3::VARCHAR, $4::VARCHAR, $5::VARCHAR, $6::VARCHAR]) AND pg_catalog.pg_table_is_visible(pg_catalog.pg_class.oid) AND pg_catalog.pg_namespace.nspname != $7::VARCHAR
2026-03-22 19:19:24,282 INFO sqlalchemy.engine.Engine [cached since 0.01234s ago] ('excel_row_raw', 'r', 'p', 'f', 'v', 'm', 'pg_catalog')
2026-03-22 19:19:24,282 - sqlalchemy.engine.Engine - INFO - [cached since 0.01234s ago] ('excel_row_raw', 'r', 'p', 'f', 'v', 'm', 'pg_catalog')
2026-03-22 19:19:24,283 INFO sqlalchemy.engine.Engine SELECT pg_catalog.pg_class.relname 
FROM pg_catalog.pg_class JOIN pg_catalog.pg_namespace ON pg_catalog.pg_namespace.oid = pg_catalog.pg_class.relnamespace 
WHERE pg_catalog.pg_class.relname = $1::VARCHAR AND pg_catalog.pg_class.relkind = ANY (ARRAY[$2::VARCHAR, $3::VARCHAR, $4::VARCHAR, $5::VARCHAR, $6::VARCHAR]) AND pg_catalog.pg_table_is_visible(pg_catalog.pg_class.oid) AND pg_catalog.pg_namespace.nspname != $7::VARCHAR
2026-03-22 19:19:24,283 - sqlalchemy.engine.Engine - INFO - SELECT pg_catalog.pg_class.relname 
FROM pg_catalog.pg_class JOIN pg_catalog.pg_namespace ON pg_catalog.pg_namespace.oid = pg_catalog.pg_class.relnamespace 
WHERE pg_catalog.pg_class.relname = $1::VARCHAR AND pg_catalog.pg_class.relkind = ANY (ARRAY[$2::VARCHAR, $3::VARCHAR, $4::VARCHAR, $5::VARCHAR, $6::VARCHAR]) AND pg_catalog.pg_table_is_visible(pg_catalog.pg_class.oid) AND pg_catalog.pg_namespace.nspname != $7::VARCHAR
2026-03-22 19:19:24,283 INFO sqlalchemy.engine.Engine [cached since 0.01286s ago] ('login_history', 'r', 'p', 'f', 'v', 'm', 'pg_catalog')
2026-03-22 19:19:24,283 - sqlalchemy.engine.Engine - INFO - [cached since 0.01286s ago] ('login_history', 'r', 'p', 'f', 'v', 'm', 'pg_catalog')
2026-03-22 19:19:24,283 INFO sqlalchemy.engine.Engine SELECT pg_catalog.pg_class.relname 
FROM pg_catalog.pg_class JOIN pg_catalog.pg_namespace ON pg_catalog.pg_namespace.oid = pg_catalog.pg_class.relnamespace 
WHERE pg_catalog.pg_class.relname = $1::VARCHAR AND pg_catalog.pg_class.relkind = ANY (ARRAY[$2::VARCHAR, $3::VARCHAR, $4::VARCHAR, $5::VARCHAR, $6::VARCHAR]) AND pg_catalog.pg_table_is_visible(pg_catalog.pg_class.oid) AND pg_catalog.pg_namespace.nspname != $7::VARCHAR
2026-03-22 19:19:24,283 - sqlalchemy.engine.Engine - INFO - SELECT pg_catalog.pg_class.relname 
FROM pg_catalog.pg_class JOIN pg_catalog.pg_namespace ON pg_catalog.pg_namespace.oid = pg_catalog.pg_class.relnamespace 
WHERE pg_catalog.pg_class.relname = $1::VARCHAR AND pg_catalog.pg_class.relkind = ANY (ARRAY[$2::VARCHAR, $3::VARCHAR, $4::VARCHAR, $5::VARCHAR, $6::VARCHAR]) AND pg_catalog.pg_table_is_visible(pg_catalog.pg_class.oid) AND pg_catalog.pg_namespace.nspname != $7::VARCHAR
2026-03-22 19:19:24,283 INFO sqlalchemy.engine.Engine [cached since 0.01343s ago] ('excel_ingestion_meta', 'r', 'p', 'f', 'v', 'm', 'pg_catalog')
2026-03-22 19:19:24,283 - sqlalchemy.engine.Engine - INFO - [cached since 0.01343s ago] ('excel_ingestion_meta', 'r', 'p', 'f', 'v', 'm', 'pg_catalog')
2026-03-22 19:19:24,286 INFO sqlalchemy.engine.Engine SELECT pg_catalog.pg_type.typname 
FROM pg_catalog.pg_type JOIN pg_catalog.pg_namespace ON pg_catalog.pg_namespace.oid = pg_catalog.pg_type.typnamespace 
WHERE pg_catalog.pg_type.typname = $1::VARCHAR AND pg_catalog.pg_type_is_visible(pg_catalog.pg_type.oid) AND pg_catalog.pg_namespace.nspname != $2::VARCHAR
2026-03-22 19:19:24,286 - sqlalchemy.engine.Engine - INFO - SELECT pg_catalog.pg_type.typname 
FROM pg_catalog.pg_type JOIN pg_catalog.pg_namespace ON pg_catalog.pg_namespace.oid = pg_catalog.pg_type.typnamespace 
WHERE pg_catalog.pg_type.typname = $1::VARCHAR AND pg_catalog.pg_type_is_visible(pg_catalog.pg_type.oid) AND pg_catalog.pg_namespace.nspname != $2::VARCHAR
2026-03-22 19:19:24,286 INFO sqlalchemy.engine.Engine [generated in 0.00016s] ('keywordpriority', 'pg_catalog')
2026-03-22 19:19:24,286 - sqlalchemy.engine.Engine - INFO - [generated in 0.00016s] ('keywordpriority', 'pg_catalog')
2026-03-22 19:19:24,287 INFO sqlalchemy.engine.Engine SELECT pg_catalog.pg_type.typname 
FROM pg_catalog.pg_type JOIN pg_catalog.pg_namespace ON pg_catalog.pg_namespace.oid = pg_catalog.pg_type.typnamespace 
WHERE pg_catalog.pg_type.typname = $1::VARCHAR AND pg_catalog.pg_type_is_visible(pg_catalog.pg_type.oid) AND pg_catalog.pg_namespace.nspname != $2::VARCHAR
2026-03-22 19:19:24,287 - sqlalchemy.engine.Engine - INFO - SELECT pg_catalog.pg_type.typname 
FROM pg_catalog.pg_type JOIN pg_catalog.pg_namespace ON pg_catalog.pg_namespace.oid = pg_catalog.pg_type.typnamespace 
WHERE pg_catalog.pg_type.typname = $1::VARCHAR AND pg_catalog.pg_type_is_visible(pg_catalog.pg_type.oid) AND pg_catalog.pg_namespace.nspname != $2::VARCHAR
2026-03-22 19:19:24,287 INFO sqlalchemy.engine.Engine [cached since 0.001932s ago] ('logintype', 'pg_catalog')
2026-03-22 19:19:24,287 - sqlalchemy.engine.Engine - INFO - [cached since 0.001932s ago] ('logintype', 'pg_catalog')
2026-03-22 19:19:24,288 INFO sqlalchemy.engine.Engine SELECT pg_catalog.pg_type.typname 
FROM pg_catalog.pg_type JOIN pg_catalog.pg_namespace ON pg_catalog.pg_namespace.oid = pg_catalog.pg_type.typnamespace 
WHERE pg_catalog.pg_type.typname = $1::VARCHAR AND pg_catalog.pg_type_is_visible(pg_catalog.pg_type.oid) AND pg_catalog.pg_namespace.nspname != $2::VARCHAR
2026-03-22 19:19:24,288 - sqlalchemy.engine.Engine - INFO - SELECT pg_catalog.pg_type.typname 
FROM pg_catalog.pg_type JOIN pg_catalog.pg_namespace ON pg_catalog.pg_namespace.oid = pg_catalog.pg_type.typnamespace 
WHERE pg_catalog.pg_type.typname = $1::VARCHAR AND pg_catalog.pg_type_is_visible(pg_catalog.pg_type.oid) AND pg_catalog.pg_namespace.nspname != $2::VARCHAR
2026-03-22 19:19:24,289 INFO sqlalchemy.engine.Engine [cached since 0.003067s ago] ('sourcestatus', 'pg_catalog')
2026-03-22 19:19:24,289 - sqlalchemy.engine.Engine - INFO - [cached since 0.003067s ago] ('sourcestatus', 'pg_catalog')
2026-03-22 19:19:24,289 INFO sqlalchemy.engine.Engine SELECT pg_catalog.pg_type.typname 
FROM pg_catalog.pg_type JOIN pg_catalog.pg_namespace ON pg_catalog.pg_namespace.oid = pg_catalog.pg_type.typnamespace 
WHERE pg_catalog.pg_type.typname = $1::VARCHAR AND pg_catalog.pg_type_is_visible(pg_catalog.pg_type.oid) AND pg_catalog.pg_namespace.nspname != $2::VARCHAR
2026-03-22 19:19:24,289 - sqlalchemy.engine.Engine - INFO - SELECT pg_catalog.pg_type.typname 
FROM pg_catalog.pg_type JOIN pg_catalog.pg_namespace ON pg_catalog.pg_namespace.oid = pg_catalog.pg_type.typnamespace 
WHERE pg_catalog.pg_type.typname = $1::VARCHAR AND pg_catalog.pg_type_is_visible(pg_catalog.pg_type.oid) AND pg_catalog.pg_namespace.nspname != $2::VARCHAR
2026-03-22 19:19:24,290 INFO sqlalchemy.engine.Engine [cached since 0.004128s ago] ('fetchstatus', 'pg_catalog')
2026-03-22 19:19:24,290 - sqlalchemy.engine.Engine - INFO - [cached since 0.004128s ago] ('fetchstatus', 'pg_catalog')
2026-03-22 19:19:24,291 INFO sqlalchemy.engine.Engine SELECT pg_catalog.pg_type.typname 
FROM pg_catalog.pg_type JOIN pg_catalog.pg_namespace ON pg_catalog.pg_namespace.oid = pg_catalog.pg_type.typnamespace 
WHERE pg_catalog.pg_type.typname = $1::VARCHAR AND pg_catalog.pg_type_is_visible(pg_catalog.pg_type.oid) AND pg_catalog.pg_namespace.nspname != $2::VARCHAR
2026-03-22 19:19:24,291 - sqlalchemy.engine.Engine - INFO - SELECT pg_catalog.pg_type.typname 
FROM pg_catalog.pg_type JOIN pg_catalog.pg_namespace ON pg_catalog.pg_namespace.oid = pg_catalog.pg_type.typnamespace 
WHERE pg_catalog.pg_type.typname = $1::VARCHAR AND pg_catalog.pg_type_is_visible(pg_catalog.pg_type.oid) AND pg_catalog.pg_namespace.nspname != $2::VARCHAR
2026-03-22 19:19:24,291 INFO sqlalchemy.engine.Engine [cached since 0.005147s ago] ('notificationtype', 'pg_catalog')
2026-03-22 19:19:24,291 - sqlalchemy.engine.Engine - INFO - [cached since 0.005147s ago] ('notificationtype', 'pg_catalog')
2026-03-22 19:19:24,292 INFO sqlalchemy.engine.Engine SELECT pg_catalog.pg_type.typname 
FROM pg_catalog.pg_type JOIN pg_catalog.pg_namespace ON pg_catalog.pg_namespace.oid = pg_catalog.pg_type.typnamespace 
WHERE pg_catalog.pg_type.typname = $1::VARCHAR AND pg_catalog.pg_type_is_visible(pg_catalog.pg_type.oid) AND pg_catalog.pg_namespace.nspname != $2::VARCHAR
2026-03-22 19:19:24,292 - sqlalchemy.engine.Engine - INFO - SELECT pg_catalog.pg_type.typname 
FROM pg_catalog.pg_type JOIN pg_catalog.pg_namespace ON pg_catalog.pg_namespace.oid = pg_catalog.pg_type.typnamespace 
WHERE pg_catalog.pg_type.typname = $1::VARCHAR AND pg_catalog.pg_type_is_visible(pg_catalog.pg_type.oid) AND pg_catalog.pg_namespace.nspname != $2::VARCHAR
2026-03-22 19:19:24,292 INFO sqlalchemy.engine.Engine [cached since 0.00618s ago] ('notificationchannel', 'pg_catalog')
2026-03-22 19:19:24,292 - sqlalchemy.engine.Engine - INFO - [cached since 0.00618s ago] ('notificationchannel', 'pg_catalog')
2026-03-22 19:19:24,293 INFO sqlalchemy.engine.Engine SELECT pg_catalog.pg_type.typname 
FROM pg_catalog.pg_type JOIN pg_catalog.pg_namespace ON pg_catalog.pg_namespace.oid = pg_catalog.pg_type.typnamespace 
WHERE pg_catalog.pg_type.typname = $1::VARCHAR AND pg_catalog.pg_type_is_visible(pg_catalog.pg_type.oid) AND pg_catalog.pg_namespace.nspname != $2::VARCHAR
2026-03-22 19:19:24,293 - sqlalchemy.engine.Engine - INFO - SELECT pg_catalog.pg_type.typname 
FROM pg_catalog.pg_type JOIN pg_catalog.pg_namespace ON pg_catalog.pg_namespace.oid = pg_catalog.pg_type.typnamespace 
WHERE pg_catalog.pg_type.typname = $1::VARCHAR AND pg_catalog.pg_type_is_visible(pg_catalog.pg_type.oid) AND pg_catalog.pg_namespace.nspname != $2::VARCHAR
2026-03-22 19:19:24,293 INFO sqlalchemy.engine.Engine [cached since 0.007195s ago] ('filestatus', 'pg_catalog')
2026-03-22 19:19:24,293 - sqlalchemy.engine.Engine - INFO - [cached since 0.007195s ago] ('filestatus', 'pg_catalog')
2026-03-22 19:19:24,293 INFO sqlalchemy.engine.Engine COMMIT
2026-03-22 19:19:24,293 - sqlalchemy.engine.Engine - INFO - COMMIT
2026-03-22 19:19:24,294 - app.main - INFO - Database tables created/verified
2026-03-22 19:19:24,294 - apscheduler.scheduler - INFO - Added job "excel_job" to job store "default"
2026-03-22 19:19:24,294 - apscheduler.scheduler - INFO - Scheduler started
2026-03-22 19:19:24,294 - app.main - INFO - Scheduler started
INFO:     Application startup complete.
INFO:     127.0.0.1:45292 - "GET /health HTTP/1.1" 404 Not Found
INFO:     127.0.0.1:45296 - "GET /docs HTTP/1.1" 200 OK
2026-03-22 19:20:23,522 - apscheduler.executors.default - INFO - Running job "excel_job (trigger: interval[0:01:00], next run at: 2026-03-22 19:20:23 UTC)" (scheduled at 2026-03-22 19:20:23.522339+00:00)
2026-03-22 19:20:23,523 - app.core.scheduler - INFO - Excel Auto Fetch Started
2026-03-22 19:20:23,575 - app.core.scheduler - ERROR - Excel Scheduler Error: greenlet_spawn has not been called; can't call await_only() here. Was IO attempted in an unexpected place? (Background on this error at: https://sqlalche.me/e/20/xd2s)
2026-03-22 19:20:23,575 - apscheduler.executors.default - INFO - Job "excel_job (trigger: interval[0:01:00], next run at: 2026-03-22 19:21:23 UTC)" executed successfully

 [ AUTO EXCEL FETCH START ]
INFO:     49.207.51.171:45986 - "GET / HTTP/1.1" 200 OK
INFO:     49.207.51.171:45986 - "GET /favicon.ico HTTP/1.1" 404 Not Found
INFO:     49.207.51.171:46669 - "GET /docs HTTP/1.1" 200 OK
INFO:     49.207.51.171:46669 - "GET /openapi.json HTTP/1.1" 200 OK
2026-03-22 19:21:23,522 - apscheduler.executors.default - INFO - Running job "excel_job (trigger: interval[0:01:00], next run at: 2026-03-22 19:22:23 UTC)" (scheduled at 2026-03-22 19:21:23.522339+00:00)
2026-03-22 19:21:23,523 - app.core.scheduler - INFO - Excel Auto Fetch Started
2026-03-22 19:21:23,523 - app.core.scheduler - ERROR - Excel Scheduler Error: greenlet_spawn has not been called; can't call await_only() here. Was IO attempted in an unexpected place? (Background on this error at: https://sqlalche.me/e/20/xd2s)
2026-03-22 19:21:23,523 - apscheduler.executors.default - INFO - Job "excel_job (trigger: interval[0:01:00], next run at: 2026-03-22 19:22:23 UTC)" executed successfully

 [ AUTO EXCEL FETCH START ]
INFO:     49.207.51.171:46579 - "GET /redoc HTTP/1.1" 200 OK
INFO:     49.207.51.171:46579 - "GET /openapi.json HTTP/1.1" 200 OK
INFO:     49.207.51.171:45426 - "GET /docs HTTP/1.1" 200 OK
INFO:     49.207.51.171:45426 - "GET /openapi.json HTTP/1.1" 200 OK
INFO:     49.207.51.171:45426 - "GET / HTTP/1.1" 200 OK
INFO:     49.207.51.171:45426 - "GET / HTTP/1.1" 200 OK
INFO:     49.207.51.171:45426 - "GET / HTTP/1.1" 200 OK
2026-03-22 19:22:23,522 - apscheduler.executors.default - INFO - Running job "excel_job (trigger: interval[0:01:00], next run at: 2026-03-22 19:23:23 UTC)" (scheduled at 2026-03-22 19:22:23.522339+00:00)
2026-03-22 19:22:23,522 - app.core.scheduler - INFO - Excel Auto Fetch Started
2026-03-22 19:22:23,523 - app.core.scheduler - ERROR - Excel Scheduler Error: greenlet_spawn has not been called; can't call await_only() here. Was IO attempted in an unexpected place? (Background on this error at: https://sqlalche.me/e/20/xd2s)
2026-03-22 19:22:23,523 - apscheduler.executors.default - INFO - Job "excel_job (trigger: interval[0:01:00], next run at: 2026-03-22 19:23:23 UTC)" executed successfully
2026-03-22 19:23:23,522 - apscheduler.executors.default - INFO - Running job "excel_job (trigger: interval[0:01:00], next run at: 2026-03-22 19:24:23 UTC)" (scheduled at 2026-03-22 19:23:23.522339+00:00)
2026-03-22 19:23:23,522 - app.core.scheduler - INFO - Excel Auto Fetch Started
2026-03-22 19:23:23,523 - app.core.scheduler - ERROR - Excel Scheduler Error: greenlet_spawn has not been called; can't call await_only() here. Was IO attempted in an unexpected place? (Background on this error at: https://sqlalche.me/e/20/xd2s)
2026-03-22 19:23:23,523 - apscheduler.executors.default - INFO - Job "excel_job (trigger: interval[0:01:00], next run at: 2026-03-22 19:24:23 UTC)" executed successfully
2026-03-22 19:24:23,522 - apscheduler.executors.default - INFO - Running job "excel_job (trigger: interval[0:01:00], next run at: 2026-03-22 19:25:23 UTC)" (scheduled at 2026-03-22 19:24:23.522339+00:00)
2026-03-22 19:24:23,522 - app.core.scheduler - INFO - Excel Auto Fetch Started
2026-03-22 19:24:23,523 - app.core.scheduler - ERROR - Excel Scheduler Error: greenlet_spawn has not been called; can't call await_only() here. Was IO attempted in an unexpected place? (Background on this error at: https://sqlalche.me/e/20/xd2s)
2026-03-22 19:24:23,523 - apscheduler.executors.default - INFO - Job "excel_job (trigger: interval[0:01:00], next run at: 2026-03-22 19:25:23 UTC)" executed successfully
2026-03-22 19:25:23,522 - apscheduler.executors.default - INFO - Running job "excel_job (trigger: interval[0:01:00], next run at: 2026-03-22 19:26:23 UTC)" (scheduled at 2026-03-22 19:25:23.522339+00:00)
2026-03-22 19:25:23,522 - app.core.scheduler - INFO - Excel Auto Fetch Started
2026-03-22 19:25:23,523 - app.core.scheduler - ERROR - Excel Scheduler Error: greenlet_spawn has not been called; can't call await_only() here. Was IO attempted in an unexpected place? (Background on this error at: https://sqlalche.me/e/20/xd2s)
2026-03-22 19:25:23,523 - apscheduler.executors.default - INFO - Job "excel_job (trigger: interval[0:01:00], next run at: 2026-03-22 19:26:23 UTC)" executed successfully
2026-03-22 19:26:23,522 - apscheduler.executors.default - INFO - Running job "excel_job (trigger: interval[0:01:00], next run at: 2026-03-22 19:27:23 UTC)" (scheduled at 2026-03-22 19:26:23.522339+00:00)
2026-03-22 19:26:23,522 - app.core.scheduler - INFO - Excel Auto Fetch Started
2026-03-22 19:26:23,523 - app.core.scheduler - ERROR - Excel Scheduler Error: greenlet_spawn has not been called; can't call await_only() here. Was IO attempted in an unexpected place? (Background on this error at: https://sqlalche.me/e/20/xd2s)
2026-03-22 19:26:23,523 - apscheduler.executors.default - INFO - Job "excel_job (trigger: interval[0:01:00], next run at: 2026-03-22 19:27:23 UTC)" executed successfully
2026-03-22 19:27:23,523 - apscheduler.executors.default - INFO - Running job "excel_job (trigger: interval[0:01:00], next run at: 2026-03-22 19:28:23 UTC)" (scheduled at 2026-03-22 19:27:23.522339+00:00)
2026-03-22 19:27:23,523 - app.core.scheduler - INFO - Excel Auto Fetch Started
2026-03-22 19:27:23,524 - app.core.scheduler - ERROR - Excel Scheduler Error: greenlet_spawn has not been called; can't call await_only() here. Was IO attempted in an unexpected place? (Background on this error at: https://sqlalche.me/e/20/xd2s)
2026-03-22 19:27:23,524 - apscheduler.executors.default - INFO - Job "excel_job (trigger: interval[0:01:00], next run at: 2026-03-22 19:28:23 UTC)" executed successfully
2026-03-22 19:28:23,522 - apscheduler.executors.default - INFO - Running job "excel_job (trigger: interval[0:01:00], next run at: 2026-03-22 19:29:23 UTC)" (scheduled at 2026-03-22 19:28:23.522339+00:00)
2026-03-22 19:28:23,522 - app.core.scheduler - INFO - Excel Auto Fetch Started
2026-03-22 19:28:23,523 - app.core.scheduler - ERROR - Excel Scheduler Error: greenlet_spawn has not been called; can't call await_only() here. Was IO attempted in an unexpected place? (Background on this error at: https://sqlalche.me/e/20/xd2s)
2026-03-22 19:28:23,523 - apscheduler.executors.default - INFO - Job "excel_job (trigger: interval[0:01:00], next run at: 2026-03-22 19:29:23 UTC)" executed successfully
2026-03-22 19:29:23,522 - apscheduler.executors.default - INFO - Running job "excel_job (trigger: interval[0:01:00], next run at: 2026-03-22 19:30:23 UTC)" (scheduled at 2026-03-22 19:29:23.522339+00:00)
2026-03-22 19:29:23,522 - app.core.scheduler - INFO - Excel Auto Fetch Started
2026-03-22 19:29:23,523 - app.core.scheduler - ERROR - Excel Scheduler Error: greenlet_spawn has not been called; can't call await_only() here. Was IO attempted in an unexpected place? (Background on this error at: https://sqlalche.me/e/20/xd2s)
2026-03-22 19:29:23,523 - apscheduler.executors.default - INFO - Job "excel_job (trigger: interval[0:01:00], next run at: 2026-03-22 19:30:23 UTC)" executed successfully
2026-03-22 19:30:23,522 - apscheduler.executors.default - INFO - Running job "excel_job (trigger: interval[0:01:00], next run at: 2026-03-22 19:31:23 UTC)" (scheduled at 2026-03-22 19:30:23.522339+00:00)
2026-03-22 19:30:23,522 - app.core.scheduler - INFO - Excel Auto Fetch Started
2026-03-22 19:30:23,523 - app.core.scheduler - ERROR - Excel Scheduler Error: greenlet_spawn has not been called; can't call await_only() here. Was IO attempted in an unexpected place? (Background on this error at: https://sqlalche.me/e/20/xd2s)
2026-03-22 19:30:23,523 - apscheduler.executors.default - INFO - Job "excel_job (trigger: interval[0:01:00], next run at: 2026-03-22 19:31:23 UTC)" executed successfully
2026-03-22 19:31:23,522 - apscheduler.executors.default - INFO - Running job "excel_job (trigger: interval[0:01:00], next run at: 2026-03-22 19:32:23 UTC)" (scheduled at 2026-03-22 19:31:23.522339+00:00)
2026-03-22 19:31:23,522 - app.core.scheduler - INFO - Excel Auto Fetch Started
2026-03-22 19:31:23,523 - app.core.scheduler - ERROR - Excel Scheduler Error: greenlet_spawn has not been called; can't call await_only() here. Was IO attempted in an unexpected place? (Background on this error at: https://sqlalche.me/e/20/xd2s)
2026-03-22 19:31:23,523 - apscheduler.executors.default - INFO - Job "excel_job (trigger: interval[0:01:00], next run at: 2026-03-22 19:32:23 UTC)" executed successfully
2026-03-22 19:32:23,522 - apscheduler.executors.default - INFO - Running job "excel_job (trigger: interval[0:01:00], next run at: 2026-03-22 19:33:23 UTC)" (scheduled at 2026-03-22 19:32:23.522339+00:00)
2026-03-22 19:32:23,522 - app.core.scheduler - INFO - Excel Auto Fetch Started
2026-03-22 19:32:23,523 - app.core.scheduler - ERROR - Excel Scheduler Error: greenlet_spawn has not been called; can't call await_only() here. Was IO attempted in an unexpected place? (Background on this error at: https://sqlalche.me/e/20/xd2s)
2026-03-22 19:32:23,523 - apscheduler.executors.default - INFO - Job "excel_job (trigger: interval[0:01:00], next run at: 2026-03-22 19:33:23 UTC)" executed successfully
2026-03-22 19:33:23,523 - apscheduler.executors.default - INFO - Running job "excel_job (trigger: interval[0:01:00], next run at: 2026-03-22 19:34:23 UTC)" (scheduled at 2026-03-22 19:33:23.522339+00:00)
2026-03-22 19:33:23,523 - app.core.scheduler - INFO - Excel Auto Fetch Started
2026-03-22 19:33:23,523 - app.core.scheduler - ERROR - Excel Scheduler Error: greenlet_spawn has not been called; can't call await_only() here. Was IO attempted in an unexpected place? (Background on this error at: https://sqlalche.me/e/20/xd2s)
2026-03-22 19:33:23,523 - apscheduler.executors.default - INFO - Job "excel_job (trigger: interval[0:01:00], next run at: 2026-03-22 19:34:23 UTC)" executed successfully
2026-03-22 19:34:23,522 - apscheduler.executors.default - INFO - Running job "excel_job (trigger: interval[0:01:00], next run at: 2026-03-22 19:35:23 UTC)" (scheduled at 2026-03-22 19:34:23.522339+00:00)
2026-03-22 19:34:23,522 - app.core.scheduler - INFO - Excel Auto Fetch Started
2026-03-22 19:34:23,523 - app.core.scheduler - ERROR - Excel Scheduler Error: greenlet_spawn has not been called; can't call await_only() here. Was IO attempted in an unexpected place? (Background on this error at: https://sqlalche.me/e/20/xd2s)
2026-03-22 19:34:23,523 - apscheduler.executors.default - INFO - Job "excel_job (trigger: interval[0:01:00], next run at: 2026-03-22 19:35:23 UTC)" executed successfully
2026-03-22 19:35:23,522 - apscheduler.executors.default - INFO - Running job "excel_job (trigger: interval[0:01:00], next run at: 2026-03-22 19:36:23 UTC)" (scheduled at 2026-03-22 19:35:23.522339+00:00)
2026-03-22 19:35:23,522 - app.core.scheduler - INFO - Excel Auto Fetch Started
2026-03-22 19:35:23,523 - app.core.scheduler - ERROR - Excel Scheduler Error: greenlet_spawn has not been called; can't call await_only() here. Was IO attempted in an unexpected place? (Background on this error at: https://sqlalche.me/e/20/xd2s)
2026-03-22 19:35:23,523 - apscheduler.executors.default - INFO - Job "excel_job (trigger: interval[0:01:00], next run at: 2026-03-22 19:36:23 UTC)" executed successfully
2026-03-22 19:36:23,522 - apscheduler.executors.default - INFO - Running job "excel_job (trigger: interval[0:01:00], next run at: 2026-03-22 19:37:23 UTC)" (scheduled at 2026-03-22 19:36:23.522339+00:00)
2026-03-22 19:36:23,522 - app.core.scheduler - INFO - Excel Auto Fetch Started
2026-03-22 19:36:23,523 - app.core.scheduler - ERROR - Excel Scheduler Error: greenlet_spawn has not been called; can't call await_only() here. Was IO attempted in an unexpected place? (Background on this error at: https://sqlalche.me/e/20/xd2s)
2026-03-22 19:36:23,523 - apscheduler.executors.default - INFO - Job "excel_job (trigger: interval[0:01:00], next run at: 2026-03-22 19:37:23 UTC)" executed successfully
2026-03-22 19:37:23,522 - apscheduler.executors.default - INFO - Running job "excel_job (trigger: interval[0:01:00], next run at: 2026-03-22 19:38:23 UTC)" (scheduled at 2026-03-22 19:37:23.522339+00:00)
2026-03-22 19:37:23,522 - app.core.scheduler - INFO - Excel Auto Fetch Started
2026-03-22 19:37:23,523 - app.core.scheduler - ERROR - Excel Scheduler Error: greenlet_spawn has not been called; can't call await_only() here. Was IO attempted in an unexpected place? (Background on this error at: https://sqlalche.me/e/20/xd2s)
2026-03-22 19:37:23,523 - apscheduler.executors.default - INFO - Job "excel_job (trigger: interval[0:01:00], next run at: 2026-03-22 19:38:23 UTC)" executed successfully
2026-03-22 19:38:23,522 - apscheduler.executors.default - INFO - Running job "excel_job (trigger: interval[0:01:00], next run at: 2026-03-22 19:39:23 UTC)" (scheduled at 2026-03-22 19:38:23.522339+00:00)
2026-03-22 19:38:23,522 - app.core.scheduler - INFO - Excel Auto Fetch Started
2026-03-22 19:38:23,523 - app.core.scheduler - ERROR - Excel Scheduler Error: greenlet_spawn has not been called; can't call await_only() here. Was IO attempted in an unexpected place? (Background on this error at: https://sqlalche.me/e/20/xd2s)
2026-03-22 19:38:23,523 - apscheduler.executors.default - INFO - Job "excel_job (trigger: interval[0:01:00], next run at: 2026-03-22 19:39:23 UTC)" executed successfully
2026-03-22 19:39:23,522 - apscheduler.executors.default - INFO - Running job "excel_job (trigger: interval[0:01:00], next run at: 2026-03-22 19:40:23 UTC)" (scheduled at 2026-03-22 19:39:23.522339+00:00)
2026-03-22 19:39:23,523 - app.core.scheduler - INFO - Excel Auto Fetch Started
2026-03-22 19:39:23,523 - app.core.scheduler - ERROR - Excel Scheduler Error: greenlet_spawn has not been called; can't call await_only() here. Was IO attempted in an unexpected place? (Background on this error at: https://sqlalche.me/e/20/xd2s)
2026-03-22 19:39:23,523 - apscheduler.executors.default - INFO - Job "excel_job (trigger: interval[0:01:00], next run at: 2026-03-22 19:40:23 UTC)" executed successfully
2026-03-22 19:40:23,522 - apscheduler.executors.default - INFO - Running job "excel_job (trigger: interval[0:01:00], next run at: 2026-03-22 19:41:23 UTC)" (scheduled at 2026-03-22 19:40:23.522339+00:00)
2026-03-22 19:40:23,522 - app.core.scheduler - INFO - Excel Auto Fetch Started
2026-03-22 19:40:23,523 - app.core.scheduler - ERROR - Excel Scheduler Error: greenlet_spawn has not been called; can't call await_only() here. Was IO attempted in an unexpected place? (Background on this error at: https://sqlalche.me/e/20/xd2s)
2026-03-22 19:40:23,523 - apscheduler.executors.default - INFO - Job "excel_job (trigger: interval[0:01:00], next run at: 2026-03-22 19:41:23 UTC)" executed successfully
2026-03-22 19:41:23,522 - apscheduler.executors.default - INFO - Running job "excel_job (trigger: interval[0:01:00], next run at: 2026-03-22 19:42:23 UTC)" (scheduled at 2026-03-22 19:41:23.522339+00:00)
2026-03-22 19:41:23,522 - app.core.scheduler - INFO - Excel Auto Fetch Started
2026-03-22 19:41:23,523 - app.core.scheduler - ERROR - Excel Scheduler Error: greenlet_spawn has not been called; can't call await_only() here. Was IO attempted in an unexpected place? (Background on this error at: https://sqlalche.me/e/20/xd2s)
2026-03-22 19:41:23,523 - apscheduler.executors.default - INFO - Job "excel_job (trigger: interval[0:01:00], next run at: 2026-03-22 19:42:23 UTC)" executed successfully
2026-03-22 19:42:23,522 - apscheduler.executors.default - INFO - Running job "excel_job (trigger: interval[0:01:00], next run at: 2026-03-22 19:43:23 UTC)" (scheduled at 2026-03-22 19:42:23.522339+00:00)
2026-03-22 19:42:23,522 - app.core.scheduler - INFO - Excel Auto Fetch Started
2026-03-22 19:42:23,523 - app.core.scheduler - ERROR - Excel Scheduler Error: greenlet_spawn has not been called; can't call await_only() here. Was IO attempted in an unexpected place? (Background on this error at: https://sqlalche.me/e/20/xd2s)
2026-03-22 19:42:23,523 - apscheduler.executors.default - INFO - Job "excel_job (trigger: interval[0:01:00], next run at: 2026-03-22 19:43:23 UTC)" executed successfully
2026-03-22 19:43:23,522 - apscheduler.executors.default - INFO - Running job "excel_job (trigger: interval[0:01:00], next run at: 2026-03-22 19:44:23 UTC)" (scheduled at 2026-03-22 19:43:23.522339+00:00)
2026-03-22 19:43:23,522 - app.core.scheduler - INFO - Excel Auto Fetch Started
2026-03-22 19:43:23,523 - app.core.scheduler - ERROR - Excel Scheduler Error: greenlet_spawn has not been called; can't call await_only() here. Was IO attempted in an unexpected place? (Background on this error at: https://sqlalche.me/e/20/xd2s)
2026-03-22 19:43:23,523 - apscheduler.executors.default - INFO - Job "excel_job (trigger: interval[0:01:00], next run at: 2026-03-22 19:44:23 UTC)" executed successfully
2026-03-22 19:44:23,522 - apscheduler.executors.default - INFO - Running job "excel_job (trigger: interval[0:01:00], next run at: 2026-03-22 19:45:23 UTC)" (scheduled at 2026-03-22 19:44:23.522339+00:00)
2026-03-22 19:44:23,522 - app.core.scheduler - INFO - Excel Auto Fetch Started
2026-03-22 19:44:23,523 - app.core.scheduler - ERROR - Excel Scheduler Error: greenlet_spawn has not been called; can't call await_only() here. Was IO attempted in an unexpected place? (Background on this error at: https://sqlalche.me/e/20/xd2s)
2026-03-22 19:44:23,523 - apscheduler.executors.default - INFO - Job "excel_job (trigger: interval[0:01:00], next run at: 2026-03-22 19:45:23 UTC)" executed successfully
2026-03-22 19:45:23,523 - apscheduler.executors.default - INFO - Running job "excel_job (trigger: interval[0:01:00], next run at: 2026-03-22 19:46:23 UTC)" (scheduled at 2026-03-22 19:45:23.522339+00:00)
2026-03-22 19:45:23,523 - app.core.scheduler - INFO - Excel Auto Fetch Started
2026-03-22 19:45:23,523 - app.core.scheduler - ERROR - Excel Scheduler Error: greenlet_spawn has not been called; can't call await_only() here. Was IO attempted in an unexpected place? (Background on this error at: https://sqlalche.me/e/20/xd2s)
2026-03-22 19:45:23,523 - apscheduler.executors.default - INFO - Job "excel_job (trigger: interval[0:01:00], next run at: 2026-03-22 19:46:23 UTC)" executed successfully
2026-03-22 19:46:23,522 - apscheduler.executors.default - INFO - Running job "excel_job (trigger: interval[0:01:00], next run at: 2026-03-22 19:47:23 UTC)" (scheduled at 2026-03-22 19:46:23.522339+00:00)
2026-03-22 19:46:23,522 - app.core.scheduler - INFO - Excel Auto Fetch Started
2026-03-22 19:46:23,523 - app.core.scheduler - ERROR - Excel Scheduler Error: greenlet_spawn has not been called; can't call await_only() here. Was IO attempted in an unexpected place? (Background on this error at: https://sqlalche.me/e/20/xd2s)
2026-03-22 19:46:23,523 - apscheduler.executors.default - INFO - Job "excel_job (trigger: interval[0:01:00], next run at: 2026-03-22 19:47:23 UTC)" executed successfully
2026-03-22 19:47:23,522 - apscheduler.executors.default - INFO - Running job "excel_job (trigger: interval[0:01:00], next run at: 2026-03-22 19:48:23 UTC)" (scheduled at 2026-03-22 19:47:23.522339+00:00)
2026-03-22 19:47:23,522 - app.core.scheduler - INFO - Excel Auto Fetch Started
2026-03-22 19:47:23,523 - app.core.scheduler - ERROR - Excel Scheduler Error: greenlet_spawn has not been called; can't call await_only() here. Was IO attempted in an unexpected place? (Background on this error at: https://sqlalche.me/e/20/xd2s)
2026-03-22 19:47:23,523 - apscheduler.executors.default - INFO - Job "excel_job (trigger: interval[0:01:00], next run at: 2026-03-22 19:48:23 UTC)" executed successfully
2026-03-22 19:48:23,522 - apscheduler.executors.default - INFO - Running job "excel_job (trigger: interval[0:01:00], next run at: 2026-03-22 19:49:23 UTC)" (scheduled at 2026-03-22 19:48:23.522339+00:00)
2026-03-22 19:48:23,522 - app.core.scheduler - INFO - Excel Auto Fetch Started
2026-03-22 19:48:23,523 - app.core.scheduler - ERROR - Excel Scheduler Error: greenlet_spawn has not been called; can't call await_only() here. Was IO attempted in an unexpected place? (Background on this error at: https://sqlalche.me/e/20/xd2s)
2026-03-22 19:48:23,523 - apscheduler.executors.default - INFO - Job "excel_job (trigger: interval[0:01:00], next run at: 2026-03-22 19:49:23 UTC)" executed successfully
2026-03-22 19:49:23,522 - apscheduler.executors.default - INFO - Running job "excel_job (trigger: interval[0:01:00], next run at: 2026-03-22 19:50:23 UTC)" (scheduled at 2026-03-22 19:49:23.522339+00:00)
2026-03-22 19:49:23,522 - app.core.scheduler - INFO - Excel Auto Fetch Started
2026-03-22 19:49:23,523 - app.core.scheduler - ERROR - Excel Scheduler Error: greenlet_spawn has not been called; can't call await_only() here. Was IO attempted in an unexpected place? (Background on this error at: https://sqlalche.me/e/20/xd2s)
2026-03-22 19:49:23,523 - apscheduler.executors.default - INFO - Job "excel_job (trigger: interval[0:01:00], next run at: 2026-03-22 19:50:23 UTC)" executed successfully
2026-03-22 19:50:23,522 - apscheduler.executors.default - INFO - Running job "excel_job (trigger: interval[0:01:00], next run at: 2026-03-22 19:51:23 UTC)" (scheduled at 2026-03-22 19:50:23.522339+00:00)
2026-03-22 19:50:23,523 - app.core.scheduler - INFO - Excel Auto Fetch Started
2026-03-22 19:50:23,523 - app.core.scheduler - ERROR - Excel Scheduler Error: greenlet_spawn has not been called; can't call await_only() here. Was IO attempted in an unexpected place? (Background on this error at: https://sqlalche.me/e/20/xd2s)
2026-03-22 19:50:23,523 - apscheduler.executors.default - INFO - Job "excel_job (trigger: interval[0:01:00], next run at: 2026-03-22 19:51:23 UTC)" executed successfully
2026-03-22 19:51:23,523 - apscheduler.executors.default - INFO - Running job "excel_job (trigger: interval[0:01:00], next run at: 2026-03-22 19:52:23 UTC)" (scheduled at 2026-03-22 19:51:23.522339+00:00)
2026-03-22 19:51:23,523 - app.core.scheduler - INFO - Excel Auto Fetch Started
2026-03-22 19:51:23,523 - app.core.scheduler - ERROR - Excel Scheduler Error: greenlet_spawn has not been called; can't call await_only() here. Was IO attempted in an unexpected place? (Background on this error at: https://sqlalche.me/e/20/xd2s)
2026-03-22 19:51:23,523 - apscheduler.executors.default - INFO - Job "excel_job (trigger: interval[0:01:00], next run at: 2026-03-22 19:52:23 UTC)" executed successfully
2026-03-22 19:52:23,522 - apscheduler.executors.default - INFO - Running job "excel_job (trigger: interval[0:01:00], next run at: 2026-03-22 19:53:23 UTC)" (scheduled at 2026-03-22 19:52:23.522339+00:00)
2026-03-22 19:52:23,522 - app.core.scheduler - INFO - Excel Auto Fetch Started
2026-03-22 19:52:23,523 - app.core.scheduler - ERROR - Excel Scheduler Error: greenlet_spawn has not been called; can't call await_only() here. Was IO attempted in an unexpected place? (Background on this error at: https://sqlalche.me/e/20/xd2s)
2026-03-22 19:52:23,523 - apscheduler.executors.default - INFO - Job "excel_job (trigger: interval[0:01:00], next run at: 2026-03-22 19:53:23 UTC)" executed successfully

 [ AUTO EXCEL FETCH START ]

 [ AUTO EXCEL FETCH START ]

 [ AUTO EXCEL FETCH START ]

 [ AUTO EXCEL FETCH START ]

 [ AUTO EXCEL FETCH START ]

 [ AUTO EXCEL FETCH START ]

 [ AUTO EXCEL FETCH START ]

 [ AUTO EXCEL FETCH START ]

 [ AUTO EXCEL FETCH START ]

 [ AUTO EXCEL FETCH START ]

 [ AUTO EXCEL FETCH START ]

 [ AUTO EXCEL FETCH START ]

 [ AUTO EXCEL FETCH START ]

 [ AUTO EXCEL FETCH START ]

 [ AUTO EXCEL FETCH START ]

 [ AUTO EXCEL FETCH START ]

 [ AUTO EXCEL FETCH START ]

 [ AUTO EXCEL FETCH START ]

 [ AUTO EXCEL FETCH START ]

 [ AUTO EXCEL FETCH START ]

 [ AUTO EXCEL FETCH START ]

 [ AUTO EXCEL FETCH START ]

 [ AUTO EXCEL FETCH START ]

 [ AUTO EXCEL FETCH START ]

 [ AUTO EXCEL FETCH START ]

 [ AUTO EXCEL FETCH START ]

 [ AUTO EXCEL FETCH START ]

 [ AUTO EXCEL FETCH START ]

 [ AUTO EXCEL FETCH START ]

 [ AUTO EXCEL FETCH START ]

 [ AUTO EXCEL FETCH START ]
INFO:     198.235.24.180:64192 - "GET / HTTP/1.1" 200 OK
2026-03-22 19:53:23,522 - apscheduler.executors.default - INFO - Running job "excel_job (trigger: interval[0:01:00], next run at: 2026-03-22 19:54:23 UTC)" (scheduled at 2026-03-22 19:53:23.522339+00:00)
2026-03-22 19:53:23,522 - app.core.scheduler - INFO - Excel Auto Fetch Started
2026-03-22 19:53:23,523 - app.core.scheduler - ERROR - Excel Scheduler Error: greenlet_spawn has not been called; can't call await_only() here. Was IO attempted in an unexpected place? (Background on this error at: https://sqlalche.me/e/20/xd2s)
2026-03-22 19:53:23,523 - apscheduler.executors.default - INFO - Job "excel_job (trigger: interval[0:01:00], next run at: 2026-03-22 19:54:23 UTC)" executed successfully
2026-03-22 19:54:23,522 - apscheduler.executors.default - INFO - Running job "excel_job (trigger: interval[0:01:00], next run at: 2026-03-22 19:55:23 UTC)" (scheduled at 2026-03-22 19:54:23.522339+00:00)
2026-03-22 19:54:23,522 - app.core.scheduler - INFO - Excel Auto Fetch Started
2026-03-22 19:54:23,523 - app.core.scheduler - ERROR - Excel Scheduler Error: greenlet_spawn has not been called; can't call await_only() here. Was IO attempted in an unexpected place? (Background on this error at: https://sqlalche.me/e/20/xd2s)
2026-03-22 19:54:23,523 - apscheduler.executors.default - INFO - Job "excel_job (trigger: interval[0:01:00], next run at: 2026-03-22 19:55:23 UTC)" executed successfully
2026-03-22 19:55:23,522 - apscheduler.executors.default - INFO - Running job "excel_job (trigger: interval[0:01:00], next run at: 2026-03-22 19:56:23 UTC)" (scheduled at 2026-03-22 19:55:23.522339+00:00)
2026-03-22 19:55:23,522 - app.core.scheduler - INFO - Excel Auto Fetch Started
2026-03-22 19:55:23,523 - app.core.scheduler - ERROR - Excel Scheduler Error: greenlet_spawn has not been called; can't call await_only() here. Was IO attempted in an unexpected place? (Background on this error at: https://sqlalche.me/e/20/xd2s)
2026-03-22 19:55:23,523 - apscheduler.executors.default - INFO - Job "excel_job (trigger: interval[0:01:00], next run at: 2026-03-22 19:56:23 UTC)" executed successfully
2026-03-22 19:56:23,522 - apscheduler.executors.default - INFO - Running job "excel_job (trigger: interval[0:01:00], next run at: 2026-03-22 19:57:23 UTC)" (scheduled at 2026-03-22 19:56:23.522339+00:00)
2026-03-22 19:56:23,522 - app.core.scheduler - INFO - Excel Auto Fetch Started
2026-03-22 19:56:23,523 - app.core.scheduler - ERROR - Excel Scheduler Error: greenlet_spawn has not been called; can't call await_only() here. Was IO attempted in an unexpected place? (Background on this error at: https://sqlalche.me/e/20/xd2s)
2026-03-22 19:56:23,523 - apscheduler.executors.default - INFO - Job "excel_job (trigger: interval[0:01:00], next run at: 2026-03-22 19:57:23 UTC)" executed successfully
2026-03-22 19:57:23,523 - apscheduler.executors.default - INFO - Running job "excel_job (trigger: interval[0:01:00], next run at: 2026-03-22 19:58:23 UTC)" (scheduled at 2026-03-22 19:57:23.522339+00:00)
2026-03-22 19:57:23,523 - app.core.scheduler - INFO - Excel Auto Fetch Started
2026-03-22 19:57:23,523 - app.core.scheduler - ERROR - Excel Scheduler Error: greenlet_spawn has not been called; can't call await_only() here. Was IO attempted in an unexpected place? (Background on this error at: https://sqlalche.me/e/20/xd2s)
2026-03-22 19:57:23,523 - apscheduler.executors.default - INFO - Job "excel_job (trigger: interval[0:01:00], next run at: 2026-03-22 19:58:23 UTC)" executed successfully
2026-03-22 19:58:23,522 - apscheduler.executors.default - INFO - Running job "excel_job (trigger: interval[0:01:00], next run at: 2026-03-22 19:59:23 UTC)" (scheduled at 2026-03-22 19:58:23.522339+00:00)
2026-03-22 19:58:23,522 - app.core.scheduler - INFO - Excel Auto Fetch Started
2026-03-22 19:58:23,523 - app.core.scheduler - ERROR - Excel Scheduler Error: greenlet_spawn has not been called; can't call await_only() here. Was IO attempted in an unexpected place? (Background on this error at: https://sqlalche.me/e/20/xd2s)
2026-03-22 19:58:23,523 - apscheduler.executors.default - INFO - Job "excel_job (trigger: interval[0:01:00], next run at: 2026-03-22 19:59:23 UTC)" executed successfully
2026-03-22 19:59:23,522 - apscheduler.executors.default - INFO - Running job "excel_job (trigger: interval[0:01:00], next run at: 2026-03-22 20:00:23 UTC)" (scheduled at 2026-03-22 19:59:23.522339+00:00)
2026-03-22 19:59:23,522 - app.core.scheduler - INFO - Excel Auto Fetch Started
2026-03-22 19:59:23,523 - app.core.scheduler - ERROR - Excel Scheduler Error: greenlet_spawn has not been called; can't call await_only() here. Was IO attempted in an unexpected place? (Background on this error at: https://sqlalche.me/e/20/xd2s)
2026-03-22 19:59:23,523 - apscheduler.executors.default - INFO - Job "excel_job (trigger: interval[0:01:00], next run at: 2026-03-22 20:00:23 UTC)" executed successfully
2026-03-22 20:00:23,522 - apscheduler.executors.default - INFO - Running job "excel_job (trigger: interval[0:01:00], next run at: 2026-03-22 20:01:23 UTC)" (scheduled at 2026-03-22 20:00:23.522339+00:00)
2026-03-22 20:00:23,522 - app.core.scheduler - INFO - Excel Auto Fetch Started
2026-03-22 20:00:23,523 - app.core.scheduler - ERROR - Excel Scheduler Error: greenlet_spawn has not been called; can't call await_only() here. Was IO attempted in an unexpected place? (Background on this error at: https://sqlalche.me/e/20/xd2s)
2026-03-22 20:00:23,523 - apscheduler.executors.default - INFO - Job "excel_job (trigger: interval[0:01:00], next run at: 2026-03-22 20:01:23 UTC)" executed successfully
2026-03-22 20:01:23,522 - apscheduler.executors.default - INFO - Running job "excel_job (trigger: interval[0:01:00], next run at: 2026-03-22 20:02:23 UTC)" (scheduled at 2026-03-22 20:01:23.522339+00:00)
2026-03-22 20:01:23,522 - app.core.scheduler - INFO - Excel Auto Fetch Started
2026-03-22 20:01:23,523 - app.core.scheduler - ERROR - Excel Scheduler Error: greenlet_spawn has not been called; can't call await_only() here. Was IO attempted in an unexpected place? (Background on this error at: https://sqlalche.me/e/20/xd2s)
2026-03-22 20:01:23,523 - apscheduler.executors.default - INFO - Job "excel_job (trigger: interval[0:01:00], next run at: 2026-03-22 20:02:23 UTC)" executed successfully
2026-03-22 20:02:23,522 - apscheduler.executors.default - INFO - Running job "excel_job (trigger: interval[0:01:00], next run at: 2026-03-22 20:03:23 UTC)" (scheduled at 2026-03-22 20:02:23.522339+00:00)
2026-03-22 20:02:23,522 - app.core.scheduler - INFO - Excel Auto Fetch Started
2026-03-22 20:02:23,523 - app.core.scheduler - ERROR - Excel Scheduler Error: greenlet_spawn has not been called; can't call await_only() here. Was IO attempted in an unexpected place? (Background on this error at: https://sqlalche.me/e/20/xd2s)
2026-03-22 20:02:23,523 - apscheduler.executors.default - INFO - Job "excel_job (trigger: interval[0:01:00], next run at: 2026-03-22 20:03:23 UTC)" executed successfully
2026-03-22 20:03:23,523 - apscheduler.executors.default - INFO - Running job "excel_job (trigger: interval[0:01:00], next run at: 2026-03-22 20:04:23 UTC)" (scheduled at 2026-03-22 20:03:23.522339+00:00)
2026-03-22 20:03:23,523 - app.core.scheduler - INFO - Excel Auto Fetch Started
2026-03-22 20:03:23,523 - app.core.scheduler - ERROR - Excel Scheduler Error: greenlet_spawn has not been called; can't call await_only() here. Was IO attempted in an unexpected place? (Background on this error at: https://sqlalche.me/e/20/xd2s)
2026-03-22 20:03:23,523 - apscheduler.executors.default - INFO - Job "excel_job (trigger: interval[0:01:00], next run at: 2026-03-22 20:04:23 UTC)" executed successfully
2026-03-22 20:04:23,522 - apscheduler.executors.default - INFO - Running job "excel_job (trigger: interval[0:01:00], next run at: 2026-03-22 20:05:23 UTC)" (scheduled at 2026-03-22 20:04:23.522339+00:00)
2026-03-22 20:04:23,522 - app.core.scheduler - INFO - Excel Auto Fetch Started
2026-03-22 20:04:23,523 - app.core.scheduler - ERROR - Excel Scheduler Error: greenlet_spawn has not been called; can't call await_only() here. Was IO attempted in an unexpected place? (Background on this error at: https://sqlalche.me/e/20/xd2s)
2026-03-22 20:04:23,523 - apscheduler.executors.default - INFO - Job "excel_job (trigger: interval[0:01:00], next run at: 2026-03-22 20:05:23 UTC)" executed successfully
2026-03-22 20:05:23,522 - apscheduler.executors.default - INFO - Running job "excel_job (trigger: interval[0:01:00], next run at: 2026-03-22 20:06:23 UTC)" (scheduled at 2026-03-22 20:05:23.522339+00:00)
2026-03-22 20:05:23,522 - app.core.scheduler - INFO - Excel Auto Fetch Started
2026-03-22 20:05:23,523 - app.core.scheduler - ERROR - Excel Scheduler Error: greenlet_spawn has not been called; can't call await_only() here. Was IO attempted in an unexpected place? (Background on this error at: https://sqlalche.me/e/20/xd2s)
2026-03-22 20:05:23,523 - apscheduler.executors.default - INFO - Job "excel_job (trigger: interval[0:01:00], next run at: 2026-03-22 20:06:23 UTC)" executed successfully
2026-03-22 20:06:23,522 - apscheduler.executors.default - INFO - Running job "excel_job (trigger: interval[0:01:00], next run at: 2026-03-22 20:07:23 UTC)" (scheduled at 2026-03-22 20:06:23.522339+00:00)
2026-03-22 20:06:23,522 - app.core.scheduler - INFO - Excel Auto Fetch Started
2026-03-22 20:06:23,523 - app.core.scheduler - ERROR - Excel Scheduler Error: greenlet_spawn has not been called; can't call await_only() here. Was IO attempted in an unexpected place? (Background on this error at: https://sqlalche.me/e/20/xd2s)
2026-03-22 20:06:23,523 - apscheduler.executors.default - INFO - Job "excel_job (trigger: interval[0:01:00], next run at: 2026-03-22 20:07:23 UTC)" executed successfully
2026-03-22 20:07:23,522 - apscheduler.executors.default - INFO - Running job "excel_job (trigger: interval[0:01:00], next run at: 2026-03-22 20:08:23 UTC)" (scheduled at 2026-03-22 20:07:23.522339+00:00)
2026-03-22 20:07:23,522 - app.core.scheduler - INFO - Excel Auto Fetch Started
2026-03-22 20:07:23,523 - app.core.scheduler - ERROR - Excel Scheduler Error: greenlet_spawn has not been called; can't call await_only() here. Was IO attempted in an unexpected place? (Background on this error at: https://sqlalche.me/e/20/xd2s)
2026-03-22 20:07:23,523 - apscheduler.executors.default - INFO - Job "excel_job (trigger: interval[0:01:00], next run at: 2026-03-22 20:08:23 UTC)" executed successfully
2026-03-22 20:08:23,522 - apscheduler.executors.default - INFO - Running job "excel_job (trigger: interval[0:01:00], next run at: 2026-03-22 20:09:23 UTC)" (scheduled at 2026-03-22 20:08:23.522339+00:00)
2026-03-22 20:08:23,522 - app.core.scheduler - INFO - Excel Auto Fetch Started
2026-03-22 20:08:23,523 - app.core.scheduler - ERROR - Excel Scheduler Error: greenlet_spawn has not been called; can't call await_only() here. Was IO attempted in an unexpected place? (Background on this error at: https://sqlalche.me/e/20/xd2s)
2026-03-22 20:08:23,523 - apscheduler.executors.default - INFO - Job "excel_job (trigger: interval[0:01:00], next run at: 2026-03-22 20:09:23 UTC)" executed successfully
2026-03-22 20:09:23,522 - apscheduler.executors.default - INFO - Running job "excel_job (trigger: interval[0:01:00], next run at: 2026-03-22 20:10:23 UTC)" (scheduled at 2026-03-22 20:09:23.522339+00:00)
2026-03-22 20:09:23,523 - app.core.scheduler - INFO - Excel Auto Fetch Started
2026-03-22 20:09:23,523 - app.core.scheduler - ERROR - Excel Scheduler Error: greenlet_spawn has not been called; can't call await_only() here. Was IO attempted in an unexpected place? (Background on this error at: https://sqlalche.me/e/20/xd2s)
2026-03-22 20:09:23,523 - apscheduler.executors.default - INFO - Job "excel_job (trigger: interval[0:01:00], next run at: 2026-03-22 20:10:23 UTC)" executed successfully
2026-03-22 20:10:23,522 - apscheduler.executors.default - INFO - Running job "excel_job (trigger: interval[0:01:00], next run at: 2026-03-22 20:11:23 UTC)" (scheduled at 2026-03-22 20:10:23.522339+00:00)
2026-03-22 20:10:23,522 - app.core.scheduler - INFO - Excel Auto Fetch Started
2026-03-22 20:10:23,523 - app.core.scheduler - ERROR - Excel Scheduler Error: greenlet_spawn has not been called; can't call await_only() here. Was IO attempted in an unexpected place? (Background on this error at: https://sqlalche.me/e/20/xd2s)
2026-03-22 20:10:23,523 - apscheduler.executors.default - INFO - Job "excel_job (trigger: interval[0:01:00], next run at: 2026-03-22 20:11:23 UTC)" executed successfully
2026-03-22 20:11:23,522 - apscheduler.executors.default - INFO - Running job "excel_job (trigger: interval[0:01:00], next run at: 2026-03-22 20:12:23 UTC)" (scheduled at 2026-03-22 20:11:23.522339+00:00)
2026-03-22 20:11:23,522 - app.core.scheduler - INFO - Excel Auto Fetch Started
2026-03-22 20:11:23,523 - app.core.scheduler - ERROR - Excel Scheduler Error: greenlet_spawn has not been called; can't call await_only() here. Was IO attempted in an unexpected place? (Background on this error at: https://sqlalche.me/e/20/xd2s)
2026-03-22 20:11:23,523 - apscheduler.executors.default - INFO - Job "excel_job (trigger: interval[0:01:00], next run at: 2026-03-22 20:12:23 UTC)" executed successfully
2026-03-22 20:12:23,525 - apscheduler.executors.default - INFO - Running job "excel_job (trigger: interval[0:01:00], next run at: 2026-03-22 20:13:23 UTC)" (scheduled at 2026-03-22 20:12:23.522339+00:00)
2026-03-22 20:12:23,525 - app.core.scheduler - INFO - Excel Auto Fetch Started
2026-03-22 20:12:23,529 - app.core.scheduler - ERROR - Excel Scheduler Error: greenlet_spawn has not been called; can't call await_only() here. Was IO attempted in an unexpected place? (Background on this error at: https://sqlalche.me/e/20/xd2s)
2026-03-22 20:12:23,529 - apscheduler.executors.default - INFO - Job "excel_job (trigger: interval[0:01:00], next run at: 2026-03-22 20:13:23 UTC)" executed successfully
2026-03-22 20:13:23,525 - apscheduler.executors.default - INFO - Running job "excel_job (trigger: interval[0:01:00], next run at: 2026-03-22 20:14:23 UTC)" (scheduled at 2026-03-22 20:13:23.522339+00:00)
2026-03-22 20:13:23,525 - app.core.scheduler - INFO - Excel Auto Fetch Started
2026-03-22 20:13:23,529 - app.core.scheduler - ERROR - Excel Scheduler Error: greenlet_spawn has not been called; can't call await_only() here. Was IO attempted in an unexpected place? (Background on this error at: https://sqlalche.me/e/20/xd2s)
2026-03-22 20:13:23,529 - apscheduler.executors.default - INFO - Job "excel_job (trigger: interval[0:01:00], next run at: 2026-03-22 20:14:23 UTC)" executed successfully
2026-03-22 20:14:23,522 - apscheduler.executors.default - INFO - Running job "excel_job (trigger: interval[0:01:00], next run at: 2026-03-22 20:15:23 UTC)" (scheduled at 2026-03-22 20:14:23.522339+00:00)
2026-03-22 20:14:23,522 - app.core.scheduler - INFO - Excel Auto Fetch Started
2026-03-22 20:14:23,523 - app.core.scheduler - ERROR - Excel Scheduler Error: greenlet_spawn has not been called; can't call await_only() here. Was IO attempted in an unexpected place? (Background on this error at: https://sqlalche.me/e/20/xd2s)
2026-03-22 20:14:23,523 - apscheduler.executors.default - INFO - Job "excel_job (trigger: interval[0:01:00], next run at: 2026-03-22 20:15:23 UTC)" executed successfully
2026-03-22 20:15:23,523 - apscheduler.executors.default - INFO - Running job "excel_job (trigger: interval[0:01:00], next run at: 2026-03-22 20:16:23 UTC)" (scheduled at 2026-03-22 20:15:23.522339+00:00)
2026-03-22 20:15:23,523 - app.core.scheduler - INFO - Excel Auto Fetch Started
2026-03-22 20:15:23,524 - app.core.scheduler - ERROR - Excel Scheduler Error: greenlet_spawn has not been called; can't call await_only() here. Was IO attempted in an unexpected place? (Background on this error at: https://sqlalche.me/e/20/xd2s)
2026-03-22 20:15:23,524 - apscheduler.executors.default - INFO - Job "excel_job (trigger: interval[0:01:00], next run at: 2026-03-22 20:16:23 UTC)" executed successfully
2026-03-22 20:16:23,522 - apscheduler.executors.default - INFO - Running job "excel_job (trigger: interval[0:01:00], next run at: 2026-03-22 20:17:23 UTC)" (scheduled at 2026-03-22 20:16:23.522339+00:00)
2026-03-22 20:16:23,522 - app.core.scheduler - INFO - Excel Auto Fetch Started
2026-03-22 20:16:23,523 - app.core.scheduler - ERROR - Excel Scheduler Error: greenlet_spawn has not been called; can't call await_only() here. Was IO attempted in an unexpected place? (Background on this error at: https://sqlalche.me/e/20/xd2s)
2026-03-22 20:16:23,523 - apscheduler.executors.default - INFO - Job "excel_job (trigger: interval[0:01:00], next run at: 2026-03-22 20:17:23 UTC)" executed successfully
2026-03-22 20:17:23,522 - apscheduler.executors.default - INFO - Running job "excel_job (trigger: interval[0:01:00], next run at: 2026-03-22 20:18:23 UTC)" (scheduled at 2026-03-22 20:17:23.522339+00:00)
2026-03-22 20:17:23,522 - app.core.scheduler - INFO - Excel Auto Fetch Started
2026-03-22 20:17:23,523 - app.core.scheduler - ERROR - Excel Scheduler Error: greenlet_spawn has not been called; can't call await_only() here. Was IO attempted in an unexpected place? (Background on this error at: https://sqlalche.me/e/20/xd2s)
2026-03-22 20:17:23,523 - apscheduler.executors.default - INFO - Job "excel_job (trigger: interval[0:01:00], next run at: 2026-03-22 20:18:23 UTC)" executed successfully
2026-03-22 20:18:23,522 - apscheduler.executors.default - INFO - Running job "excel_job (trigger: interval[0:01:00], next run at: 2026-03-22 20:19:23 UTC)" (scheduled at 2026-03-22 20:18:23.522339+00:00)
2026-03-22 20:18:23,522 - app.core.scheduler - INFO - Excel Auto Fetch Started
2026-03-22 20:18:23,523 - app.core.scheduler - ERROR - Excel Scheduler Error: greenlet_spawn has not been called; can't call await_only() here. Was IO attempted in an unexpected place? (Background on this error at: https://sqlalche.me/e/20/xd2s)
2026-03-22 20:18:23,523 - apscheduler.executors.default - INFO - Job "excel_job (trigger: interval[0:01:00], next run at: 2026-03-22 20:19:23 UTC)" executed successfully
2026-03-22 20:19:23,522 - apscheduler.executors.default - INFO - Running job "excel_job (trigger: interval[0:01:00], next run at: 2026-03-22 20:20:23 UTC)" (scheduled at 2026-03-22 20:19:23.522339+00:00)
2026-03-22 20:19:23,522 - app.core.scheduler - INFO - Excel Auto Fetch Started
2026-03-22 20:19:23,523 - app.core.scheduler - ERROR - Excel Scheduler Error: greenlet_spawn has not been called; can't call await_only() here. Was IO attempted in an unexpected place? (Background on this error at: https://sqlalche.me/e/20/xd2s)
2026-03-22 20:19:23,523 - apscheduler.executors.default - INFO - Job "excel_job (trigger: interval[0:01:00], next run at: 2026-03-22 20:20:23 UTC)" executed successfully
2026-03-22 20:20:23,522 - apscheduler.executors.default - INFO - Running job "excel_job (trigger: interval[0:01:00], next run at: 2026-03-22 20:21:23 UTC)" (scheduled at 2026-03-22 20:20:23.522339+00:00)
2026-03-22 20:20:23,522 - app.core.scheduler - INFO - Excel Auto Fetch Started
2026-03-22 20:20:23,523 - app.core.scheduler - ERROR - Excel Scheduler Error: greenlet_spawn has not been called; can't call await_only() here. Was IO attempted in an unexpected place? (Background on this error at: https://sqlalche.me/e/20/xd2s)
2026-03-22 20:20:23,523 - apscheduler.executors.default - INFO - Job "excel_job (trigger: interval[0:01:00], next run at: 2026-03-22 20:21:23 UTC)" executed successfully
2026-03-22 20:21:23,522 - apscheduler.executors.default - INFO - Running job "excel_job (trigger: interval[0:01:00], next run at: 2026-03-22 20:22:23 UTC)" (scheduled at 2026-03-22 20:21:23.522339+00:00)
2026-03-22 20:21:23,523 - app.core.scheduler - INFO - Excel Auto Fetch Started
2026-03-22 20:21:23,523 - app.core.scheduler - ERROR - Excel Scheduler Error: greenlet_spawn has not been called; can't call await_only() here. Was IO attempted in an unexpected place? (Background on this error at: https://sqlalche.me/e/20/xd2s)
2026-03-22 20:21:23,523 - apscheduler.executors.default - INFO - Job "excel_job (trigger: interval[0:01:00], next run at: 2026-03-22 20:22:23 UTC)" executed successfully
2026-03-22 20:22:23,522 - apscheduler.executors.default - INFO - Running job "excel_job (trigger: interval[0:01:00], next run at: 2026-03-22 20:23:23 UTC)" (scheduled at 2026-03-22 20:22:23.522339+00:00)
2026-03-22 20:22:23,522 - app.core.scheduler - INFO - Excel Auto Fetch Started
2026-03-22 20:22:23,523 - app.core.scheduler - ERROR - Excel Scheduler Error: greenlet_spawn has not been called; can't call await_only() here. Was IO attempted in an unexpected place? (Background on this error at: https://sqlalche.me/e/20/xd2s)
2026-03-22 20:22:23,523 - apscheduler.executors.default - INFO - Job "excel_job (trigger: interval[0:01:00], next run at: 2026-03-22 20:23:23 UTC)" executed successfully
2026-03-22 20:23:23,522 - apscheduler.executors.default - INFO - Running job "excel_job (trigger: interval[0:01:00], next run at: 2026-03-22 20:24:23 UTC)" (scheduled at 2026-03-22 20:23:23.522339+00:00)
2026-03-22 20:23:23,522 - app.core.scheduler - INFO - Excel Auto Fetch Started
2026-03-22 20:23:23,523 - app.core.scheduler - ERROR - Excel Scheduler Error: greenlet_spawn has not been called; can't call await_only() here. Was IO attempted in an unexpected place? (Background on this error at: https://sqlalche.me/e/20/xd2s)
2026-03-22 20:23:23,523 - apscheduler.executors.default - INFO - Job "excel_job (trigger: interval[0:01:00], next run at: 2026-03-22 20:24:23 UTC)" executed successfully
2026-03-22 20:24:23,522 - apscheduler.executors.default - INFO - Running job "excel_job (trigger: interval[0:01:00], next run at: 2026-03-22 20:25:23 UTC)" (scheduled at 2026-03-22 20:24:23.522339+00:00)
2026-03-22 20:24:23,522 - app.core.scheduler - INFO - Excel Auto Fetch Started
2026-03-22 20:24:23,523 - app.core.scheduler - ERROR - Excel Scheduler Error: greenlet_spawn has not been called; can't call await_only() here. Was IO attempted in an unexpected place? (Background on this error at: https://sqlalche.me/e/20/xd2s)
2026-03-22 20:24:23,523 - apscheduler.executors.default - INFO - Job "excel_job (trigger: interval[0:01:00], next run at: 2026-03-22 20:25:23 UTC)" executed successfully
2026-03-22 20:25:23,522 - apscheduler.executors.default - INFO - Running job "excel_job (trigger: interval[0:01:00], next run at: 2026-03-22 20:26:23 UTC)" (scheduled at 2026-03-22 20:25:23.522339+00:00)
2026-03-22 20:25:23,522 - app.core.scheduler - INFO - Excel Auto Fetch Started
2026-03-22 20:25:23,523 - app.core.scheduler - ERROR - Excel Scheduler Error: greenlet_spawn has not been called; can't call await_only() here. Was IO attempted in an unexpected place? (Background on this error at: https://sqlalche.me/e/20/xd2s)
2026-03-22 20:25:23,523 - apscheduler.executors.default - INFO - Job "excel_job (trigger: interval[0:01:00], next run at: 2026-03-22 20:26:23 UTC)" executed successfully
